2022-07-04_16-38-45 [restartedMain] INFO  c.m.m.ManagerMicroserviceApplication - Starting ManagerMicroserviceApplication using Java 17.0.2 on VAMSI with PID 5220 (C:\Users\Lenovo\git\MFPE\Manager-Microservice\target\classes started by Lenovo in C:\Users\Lenovo\git\MFPE\Manager-Microservice)
2022-07-04_16-38-45 [restartedMain] INFO  c.m.m.ManagerMicroserviceApplication - No active profile set, falling back to 1 default profile: "default"
2022-07-04_16-38-45 [restartedMain] INFO  o.s.b.d.e.DevToolsPropertyDefaultsPostProcessor - Devtools property defaults active! Set 'spring.devtools.add-properties' to 'false' to disable
2022-07-04_16-38-45 [restartedMain] INFO  o.s.b.d.e.DevToolsPropertyDefaultsPostProcessor - For additional web related logging consider setting the 'logging.level.web' property to 'DEBUG'
2022-07-04_16-38-45 [restartedMain] INFO  o.s.d.r.c.RepositoryConfigurationDelegate - Bootstrapping Spring Data JPA repositories in DEFAULT mode.
2022-07-04_16-38-45 [restartedMain] INFO  o.s.d.r.c.RepositoryConfigurationDelegate - Finished Spring Data repository scanning in 106 ms. Found 1 JPA repository interfaces.
2022-07-04_16-38-45 [restartedMain] INFO  o.s.cloud.context.scope.GenericScope - BeanFactory id=b0d68178-21e3-3fed-b6a0-6fe1f6ced7ed
2022-07-04_16-38-45 [restartedMain] INFO  o.s.b.w.e.tomcat.TomcatWebServer - Tomcat initialized with port(s): 8083 (http)
2022-07-04_16-38-45 [restartedMain] INFO  o.a.coyote.http11.Http11NioProtocol - Initializing ProtocolHandler ["http-nio-8083"]
2022-07-04_16-38-45 [restartedMain] INFO  o.a.catalina.core.StandardService - Starting service [Tomcat]
2022-07-04_16-38-45 [restartedMain] INFO  o.a.catalina.core.StandardEngine - Starting Servlet engine: [Apache Tomcat/9.0.64]
2022-07-04_16-38-45 [restartedMain] INFO  o.a.c.c.C.[.[localhost].[/manager] - Initializing Spring embedded WebApplicationContext
2022-07-04_16-38-45 [restartedMain] INFO  o.s.b.w.s.c.ServletWebServerApplicationContext - Root WebApplicationContext: initialization completed in 7769 ms
2022-07-04_16-38-45 [restartedMain] INFO  com.zaxxer.hikari.HikariDataSource - HikariPool-1 - Starting...
2022-07-04_16-38-45 [restartedMain] INFO  com.zaxxer.hikari.HikariDataSource - HikariPool-1 - Start completed.
2022-07-04_16-38-45 [restartedMain] INFO  o.s.b.a.h.H2ConsoleAutoConfiguration - H2 console available at '/h2-console'. Database available at 'jdbc:h2:mem:testdb'
2022-07-04_16-38-45 [restartedMain] INFO  o.s.o.j.LocalContainerEntityManagerFactoryBean - Initialized JPA EntityManagerFactory for persistence unit 'default'
2022-07-04_16-38-45 [restartedMain] INFO  o.a.coyote.http11.Http11NioProtocol - Starting ProtocolHandler ["http-nio-8083"]
2022-07-04_16-38-45 [restartedMain] INFO  o.s.b.w.e.tomcat.TomcatWebServer - Tomcat started on port(s): 8083 (http) with context path '/manager'
2022-07-04_16-38-45 [restartedMain] INFO  c.m.m.ManagerMicroserviceApplication - Started ManagerMicroserviceApplication in 16.102 seconds (JVM running for 18.296)
2022-07-04_16-38-45 [http-nio-8083-exec-10] INFO  o.a.c.c.C.[.[localhost].[/manager] - Initializing Spring DispatcherServlet 'dispatcherServlet'
2022-07-04_16-38-45 [http-nio-8083-exec-10] INFO  o.s.web.servlet.DispatcherServlet - Initializing Servlet 'dispatcherServlet'
2022-07-04_16-38-45 [http-nio-8083-exec-10] INFO  o.s.web.servlet.DispatcherServlet - Completed initialization in 3 ms
2022-07-04_16-38-45 [http-nio-8083-exec-9] INFO  c.m.m.services.ManagerServiceImpl - Exceutives: []
2022-07-04_16-38-45 [http-nio-8083-exec-9] INFO  c.m.m.services.ManagerServiceImpl - Exceutive Executive(id=1, name=bill, contactNumber=1234567891, locality=delhi, emailId=bill@gmail.com, customers=null) created
2022-07-04_16-38-45 [http-nio-8083-exec-8] INFO  c.m.m.services.ManagerServiceImpl - Exceutives: [Executive(id=1, name=bill, contactNumber=1234567891, locality=delhi, emailId=bill@gmail.com, customers=[])]
2022-07-04_16-38-45 [http-nio-8083-exec-4] INFO  c.m.m.services.ManagerServiceImpl - Exceutives with locality delhi: [Executive(id=1, name=bill, contactNumber=1234567891, locality=delhi, emailId=bill@gmail.com, customers=[])]
2022-07-04_16-38-45 [http-nio-8083-exec-10] INFO  c.m.m.services.ManagerServiceImpl - Exceutives with locality delhi: [Executive(id=1, name=bill, contactNumber=1234567891, locality=delhi, emailId=bill@gmail.com, customers=[])]
2022-07-04_16-38-45 [http-nio-8083-exec-3] INFO  c.m.m.services.ManagerServiceImpl - Customer: Customer(id=1, name=david, address=mumbai, emailid=david@gmail.com, contactNumber=9876543210)
2022-07-04_16-38-45 [http-nio-8083-exec-9] INFO  c.m.m.services.ManagerServiceImpl - Customers: [Customer(id=1, name=david, address=mumbai, emailid=david@gmail.com, contactNumber=9876543210)]
2022-07-04_16-38-45 [http-nio-8083-exec-8] INFO  c.m.m.services.ManagerServiceImpl - Customer with id 1 assigned to Exceutive with id 1
2022-07-04_16-38-45 [http-nio-8083-exec-4] INFO  c.m.m.services.ManagerServiceImpl - Exceutives: [Executive(id=1, name=bill, contactNumber=1234567891, locality=delhi, emailId=bill@gmail.com, customers=[Customer(id=1, name=david, address=mumbai, emailid=david@gmail.com, contactNumber=9876543210)])]
2022-07-04_16-38-45 [RMI TCP Connection(6)-127.0.0.1] INFO  o.s.b.a.SpringApplicationAdminMXBeanRegistrar$SpringApplicationAdmin - Application shutdown requested.
2022-07-04_16-38-45 [RMI TCP Connection(6)-127.0.0.1] INFO  o.s.o.j.LocalContainerEntityManagerFactoryBean - Closing JPA EntityManagerFactory for persistence unit 'default'
2022-07-04_16-38-45 [RMI TCP Connection(6)-127.0.0.1] INFO  com.zaxxer.hikari.HikariDataSource - HikariPool-1 - Shutdown initiated...
2022-07-04_16-38-45 [RMI TCP Connection(6)-127.0.0.1] INFO  com.zaxxer.hikari.HikariDataSource - HikariPool-1 - Shutdown completed.
2022-07-04_16-45-14 [main] INFO  c.m.m.services.ManagerServiceImpl - Customer: Customer(id=1, name=ABCD, address=VVIP Mall, emailid=test@example.com, contactNumber=null)
2022-07-04_16-45-14 [main] INFO  c.m.m.services.ManagerServiceImpl - Exceutives: []
2022-07-04_16-45-14 [main] INFO  c.m.m.services.ManagerServiceImpl - Customer with id 1 assigned to Exceutive with id 1
2022-07-04_16-45-14 [main] INFO  c.m.m.services.ManagerServiceImpl - Customers: []
2022-07-04_16-45-14 [main] INFO  c.m.m.services.ManagerServiceImpl - Exceutives: []
2022-07-04_16-45-14 [main] INFO  c.m.m.services.ManagerServiceImpl - Exceutive Executive(id=1, name=ABCD, contactNumber=987654321, locality=VVIP Mall, emailId=test@example.com, customers=[Customer(id=0, name=null, address=null, emailid=null, contactNumber=null)]) created
2022-07-04_16-45-14 [main] INFO  c.m.m.services.ManagerServiceImpl - Exceutives: []
2022-07-04_16-45-14 [main] INFO  c.m.m.services.ManagerServiceImpl - Exceutives: [Executive(id=1, name=ABCD, contactNumber=987654321, locality=VVIP Mall, emailId=test@example.com, customers=[Customer(id=0, name=null, address=null, emailid=null, contactNumber=null)])]
2022-07-04_16-45-14 [main] INFO  c.m.m.services.ManagerServiceImpl - Exceutives with locality : []
2022-07-04_16-45-14 [main] INFO  o.s.b.t.c.SpringBootTestContextBootstrapper - Neither @ContextConfiguration nor @ContextHierarchy found for test class [cts.mfpe.manager.ManagerMicroserviceApplicationTests], using SpringBootContextLoader
2022-07-04_16-45-14 [main] INFO  o.s.t.c.s.AbstractContextLoader - Could not detect default resource locations for test class [cts.mfpe.manager.ManagerMicroserviceApplicationTests]: no resource found for suffixes {-context.xml, Context.groovy}.
2022-07-04_16-45-14 [main] INFO  o.s.t.c.s.AnnotationConfigContextLoaderUtils - Could not detect default configuration classes for test class [cts.mfpe.manager.ManagerMicroserviceApplicationTests]: ManagerMicroserviceApplicationTests does not declare any static, non-private, non-final, nested classes annotated with @Configuration.
2022-07-04_16-45-14 [main] INFO  o.s.b.t.c.SpringBootTestContextBootstrapper - Found @SpringBootConfiguration cts.mfpe.manager.ManagerMicroserviceApplication for test class cts.mfpe.manager.ManagerMicroserviceApplicationTests
2022-07-04_16-45-14 [main] INFO  o.s.b.t.c.SpringBootTestContextBootstrapper - Loaded default TestExecutionListener class names from location [META-INF/spring.factories]: [org.springframework.boot.test.mock.mockito.MockitoTestExecutionListener, org.springframework.boot.test.mock.mockito.ResetMocksTestExecutionListener, org.springframework.boot.test.autoconfigure.restdocs.RestDocsTestExecutionListener, org.springframework.boot.test.autoconfigure.web.client.MockRestServiceServerResetTestExecutionListener, org.springframework.boot.test.autoconfigure.web.servlet.MockMvcPrintOnlyOnFailureTestExecutionListener, org.springframework.boot.test.autoconfigure.web.servlet.WebDriverTestExecutionListener, org.springframework.boot.test.autoconfigure.webservices.client.MockWebServiceServerTestExecutionListener, org.springframework.test.context.web.ServletTestExecutionListener, org.springframework.test.context.support.DirtiesContextBeforeModesTestExecutionListener, org.springframework.test.context.event.ApplicationEventsTestExecutionListener, org.springframework.test.context.support.DependencyInjectionTestExecutionListener, org.springframework.test.context.support.DirtiesContextTestExecutionListener, org.springframework.test.context.transaction.TransactionalTestExecutionListener, org.springframework.test.context.jdbc.SqlScriptsTestExecutionListener, org.springframework.test.context.event.EventPublishingTestExecutionListener]
2022-07-04_16-45-14 [main] INFO  o.s.b.t.c.SpringBootTestContextBootstrapper - Using TestExecutionListeners: [org.springframework.test.context.web.ServletTestExecutionListener@698ac187, org.springframework.test.context.support.DirtiesContextBeforeModesTestExecutionListener@4fea5ee0, org.springframework.test.context.event.ApplicationEventsTestExecutionListener@65f5cae3, org.springframework.boot.test.mock.mockito.MockitoTestExecutionListener@6630dd28, org.springframework.boot.test.autoconfigure.SpringBootDependencyInjectionTestExecutionListener@5909ae90, org.springframework.test.context.support.DirtiesContextTestExecutionListener@4489f60f, org.springframework.test.context.transaction.TransactionalTestExecutionListener@fe08eaf, org.springframework.test.context.jdbc.SqlScriptsTestExecutionListener@6fd9dbe6, org.springframework.test.context.event.EventPublishingTestExecutionListener@7b3085a3, org.springframework.boot.test.mock.mockito.ResetMocksTestExecutionListener@70022d44, org.springframework.boot.test.autoconfigure.restdocs.RestDocsTestExecutionListener@7b1c501d, org.springframework.boot.test.autoconfigure.web.client.MockRestServiceServerResetTestExecutionListener@5abbb273, org.springframework.boot.test.autoconfigure.web.servlet.MockMvcPrintOnlyOnFailureTestExecutionListener@25d9291a, org.springframework.boot.test.autoconfigure.web.servlet.WebDriverTestExecutionListener@445058e8, org.springframework.boot.test.autoconfigure.webservices.client.MockWebServiceServerTestExecutionListener@5d5574c7]
2022-07-04_16-45-17 [main] INFO  c.m.m.ManagerMicroserviceApplicationTests - Starting ManagerMicroserviceApplicationTests using Java 17.0.2 on VAMSI with PID 6572 (started by Lenovo in C:\Users\Lenovo\git\MFPE\Manager-Microservice)
2022-07-04_16-45-17 [main] INFO  c.m.m.ManagerMicroserviceApplicationTests - No active profile set, falling back to 1 default profile: "default"
2022-07-04_16-45-17 [main] INFO  o.s.d.r.c.RepositoryConfigurationDelegate - Bootstrapping Spring Data JPA repositories in DEFAULT mode.
2022-07-04_16-45-17 [main] INFO  o.s.d.r.c.RepositoryConfigurationDelegate - Finished Spring Data repository scanning in 112 ms. Found 1 JPA repository interfaces.
2022-07-04_16-45-17 [main] INFO  o.s.cloud.context.scope.GenericScope - BeanFactory id=f62ef2b9-6228-3d6c-861f-d494ad8965bb
2022-07-04_16-45-17 [main] INFO  com.zaxxer.hikari.HikariDataSource - HikariPool-1 - Starting...
2022-07-04_16-45-17 [main] INFO  com.zaxxer.hikari.HikariDataSource - HikariPool-1 - Start completed.
2022-07-04_16-45-17 [main] INFO  o.s.o.j.LocalContainerEntityManagerFactoryBean - Initialized JPA EntityManagerFactory for persistence unit 'default'
2022-07-04_16-45-17 [main] INFO  o.s.b.a.h.H2ConsoleAutoConfiguration - H2 console available at '/h2-console'. Database available at 'jdbc:h2:mem:testdb'
2022-07-04_16-45-17 [main] INFO  c.m.m.ManagerMicroserviceApplicationTests - Started ManagerMicroserviceApplicationTests in 15.313 seconds (JVM running for 22.379)
2022-07-04_16-45-17 [SpringApplicationShutdownHook] INFO  o.s.o.j.LocalContainerEntityManagerFactoryBean - Closing JPA EntityManagerFactory for persistence unit 'default'
2022-07-04_16-45-17 [SpringApplicationShutdownHook] INFO  com.zaxxer.hikari.HikariDataSource - HikariPool-1 - Shutdown initiated...
2022-07-04_16-45-17 [SpringApplicationShutdownHook] INFO  com.zaxxer.hikari.HikariDataSource - HikariPool-1 - Shutdown completed.
2022-07-04_16-50-28 [main] INFO  c.m.m.services.ManagerServiceImpl - Customer: Customer(id=1, name=ABCD, address=VVIP Mall, emailid=test@example.com, contactNumber=null)
2022-07-04_16-50-28 [main] INFO  c.m.m.services.ManagerServiceImpl - Exceutives: []
2022-07-04_16-50-28 [main] INFO  c.m.m.services.ManagerServiceImpl - Customer with id 1 assigned to Exceutive with id 1
2022-07-04_16-50-28 [main] INFO  c.m.m.services.ManagerServiceImpl - Customers: []
2022-07-04_16-50-28 [main] INFO  c.m.m.services.ManagerServiceImpl - Exceutives: []
2022-07-04_16-50-28 [main] INFO  c.m.m.services.ManagerServiceImpl - Exceutive Executive(id=1, name=ABCD, contactNumber=987654321, locality=VVIP Mall, emailId=test@example.com, customers=[Customer(id=0, name=null, address=null, emailid=null, contactNumber=null)]) created
2022-07-04_16-50-28 [main] INFO  c.m.m.services.ManagerServiceImpl - Exceutives: []
2022-07-04_16-50-28 [main] INFO  c.m.m.services.ManagerServiceImpl - Exceutives: [Executive(id=1, name=ABCD, contactNumber=987654321, locality=VVIP Mall, emailId=test@example.com, customers=[Customer(id=0, name=null, address=null, emailid=null, contactNumber=null)])]
2022-07-04_16-50-28 [main] INFO  c.m.m.services.ManagerServiceImpl - Exceutives with locality : []
2022-07-04_16-50-28 [main] INFO  o.s.b.t.c.SpringBootTestContextBootstrapper - Neither @ContextConfiguration nor @ContextHierarchy found for test class [cts.mfpe.manager.ManagerMicroserviceApplicationTests], using SpringBootContextLoader
2022-07-04_16-50-28 [main] INFO  o.s.t.c.s.AbstractContextLoader - Could not detect default resource locations for test class [cts.mfpe.manager.ManagerMicroserviceApplicationTests]: no resource found for suffixes {-context.xml, Context.groovy}.
2022-07-04_16-50-28 [main] INFO  o.s.t.c.s.AnnotationConfigContextLoaderUtils - Could not detect default configuration classes for test class [cts.mfpe.manager.ManagerMicroserviceApplicationTests]: ManagerMicroserviceApplicationTests does not declare any static, non-private, non-final, nested classes annotated with @Configuration.
2022-07-04_16-50-28 [main] INFO  o.s.b.t.c.SpringBootTestContextBootstrapper - Found @SpringBootConfiguration cts.mfpe.manager.ManagerMicroserviceApplication for test class cts.mfpe.manager.ManagerMicroserviceApplicationTests
2022-07-04_16-50-28 [main] INFO  o.s.b.t.c.SpringBootTestContextBootstrapper - Loaded default TestExecutionListener class names from location [META-INF/spring.factories]: [org.springframework.boot.test.mock.mockito.MockitoTestExecutionListener, org.springframework.boot.test.mock.mockito.ResetMocksTestExecutionListener, org.springframework.boot.test.autoconfigure.restdocs.RestDocsTestExecutionListener, org.springframework.boot.test.autoconfigure.web.client.MockRestServiceServerResetTestExecutionListener, org.springframework.boot.test.autoconfigure.web.servlet.MockMvcPrintOnlyOnFailureTestExecutionListener, org.springframework.boot.test.autoconfigure.web.servlet.WebDriverTestExecutionListener, org.springframework.boot.test.autoconfigure.webservices.client.MockWebServiceServerTestExecutionListener, org.springframework.test.context.web.ServletTestExecutionListener, org.springframework.test.context.support.DirtiesContextBeforeModesTestExecutionListener, org.springframework.test.context.event.ApplicationEventsTestExecutionListener, org.springframework.test.context.support.DependencyInjectionTestExecutionListener, org.springframework.test.context.support.DirtiesContextTestExecutionListener, org.springframework.test.context.transaction.TransactionalTestExecutionListener, org.springframework.test.context.jdbc.SqlScriptsTestExecutionListener, org.springframework.test.context.event.EventPublishingTestExecutionListener]
2022-07-04_16-50-28 [main] INFO  o.s.b.t.c.SpringBootTestContextBootstrapper - Using TestExecutionListeners: [org.springframework.test.context.web.ServletTestExecutionListener@7ee64b53, org.springframework.test.context.support.DirtiesContextBeforeModesTestExecutionListener@1131aead, org.springframework.test.context.event.ApplicationEventsTestExecutionListener@7d126083, org.springframework.boot.test.mock.mockito.MockitoTestExecutionListener@76ffc17c, org.springframework.boot.test.autoconfigure.SpringBootDependencyInjectionTestExecutionListener@3a8fb023, org.springframework.test.context.support.DirtiesContextTestExecutionListener@26d73519, org.springframework.test.context.transaction.TransactionalTestExecutionListener@48af5f38, org.springframework.test.context.jdbc.SqlScriptsTestExecutionListener@40538370, org.springframework.test.context.event.EventPublishingTestExecutionListener@71a2df1, org.springframework.boot.test.mock.mockito.ResetMocksTestExecutionListener@18faaff6, org.springframework.boot.test.autoconfigure.restdocs.RestDocsTestExecutionListener@2a9e754e, org.springframework.boot.test.autoconfigure.web.client.MockRestServiceServerResetTestExecutionListener@760a2b6e, org.springframework.boot.test.autoconfigure.web.servlet.MockMvcPrintOnlyOnFailureTestExecutionListener@20a9f5fb, org.springframework.boot.test.autoconfigure.web.servlet.WebDriverTestExecutionListener@6d617b07, org.springframework.boot.test.autoconfigure.webservices.client.MockWebServiceServerTestExecutionListener@340c57e0]
2022-07-04_16-50-31 [main] INFO  c.m.m.ManagerMicroserviceApplicationTests - Starting ManagerMicroserviceApplicationTests using Java 17.0.2 on VAMSI with PID 4116 (started by Lenovo in C:\Users\Lenovo\git\MFPE\Manager-Microservice)
2022-07-04_16-50-31 [main] INFO  c.m.m.ManagerMicroserviceApplicationTests - No active profile set, falling back to 1 default profile: "default"
2022-07-04_16-50-31 [main] INFO  o.s.d.r.c.RepositoryConfigurationDelegate - Bootstrapping Spring Data JPA repositories in DEFAULT mode.
2022-07-04_16-50-31 [main] INFO  o.s.d.r.c.RepositoryConfigurationDelegate - Finished Spring Data repository scanning in 106 ms. Found 1 JPA repository interfaces.
2022-07-04_16-50-31 [main] INFO  o.s.cloud.context.scope.GenericScope - BeanFactory id=f62ef2b9-6228-3d6c-861f-d494ad8965bb
2022-07-04_16-50-31 [main] INFO  com.zaxxer.hikari.HikariDataSource - HikariPool-1 - Starting...
2022-07-04_16-50-31 [main] INFO  com.zaxxer.hikari.HikariDataSource - HikariPool-1 - Start completed.
2022-07-04_16-50-31 [main] INFO  o.s.o.j.LocalContainerEntityManagerFactoryBean - Initialized JPA EntityManagerFactory for persistence unit 'default'
2022-07-04_16-50-31 [main] INFO  o.s.b.a.h.H2ConsoleAutoConfiguration - H2 console available at '/h2-console'. Database available at 'jdbc:h2:mem:testdb'
2022-07-04_16-50-31 [main] INFO  c.m.m.ManagerMicroserviceApplicationTests - Started ManagerMicroserviceApplicationTests in 14.865 seconds (JVM running for 21.43)
2022-07-04_16-50-31 [SpringApplicationShutdownHook] INFO  o.s.o.j.LocalContainerEntityManagerFactoryBean - Closing JPA EntityManagerFactory for persistence unit 'default'
2022-07-04_16-50-31 [SpringApplicationShutdownHook] INFO  com.zaxxer.hikari.HikariDataSource - HikariPool-1 - Shutdown initiated...
2022-07-04_16-50-31 [SpringApplicationShutdownHook] INFO  com.zaxxer.hikari.HikariDataSource - HikariPool-1 - Shutdown completed.
