2022-07-02_11-06-42 [restartedMain] INFO  c.m.a.AuthorizationMicroserviceApplication - Starting AuthorizationMicroserviceApplication using Java 17.0.2 on VAMSI with PID 7268 (C:\Users\Lenovo\git\MFPE\Authorization-Microservice\target\classes started by Lenovo in C:\Users\Lenovo\git\MFPE\Authorization-Microservice)
2022-07-02_11-06-42 [restartedMain] INFO  c.m.a.AuthorizationMicroserviceApplication - No active profile set, falling back to 1 default profile: "default"
2022-07-02_11-06-42 [restartedMain] INFO  o.s.b.d.e.DevToolsPropertyDefaultsPostProcessor - Devtools property defaults active! Set 'spring.devtools.add-properties' to 'false' to disable
2022-07-02_11-06-42 [restartedMain] INFO  o.s.b.d.e.DevToolsPropertyDefaultsPostProcessor - For additional web related logging consider setting the 'logging.level.web' property to 'DEBUG'
2022-07-02_11-06-42 [restartedMain] INFO  o.s.d.r.c.RepositoryConfigurationDelegate - Bootstrapping Spring Data JPA repositories in DEFAULT mode.
2022-07-02_11-06-42 [restartedMain] INFO  o.s.d.r.c.RepositoryConfigurationDelegate - Finished Spring Data repository scanning in 189 ms. Found 2 JPA repository interfaces.
2022-07-02_11-06-42 [restartedMain] INFO  o.s.cloud.context.scope.GenericScope - BeanFactory id=c0d229a8-6f51-3d8f-a0fe-a06cc289db07
2022-07-02_11-06-42 [restartedMain] INFO  o.s.b.w.e.tomcat.TomcatWebServer - Tomcat initialized with port(s): 8084 (http)
2022-07-02_11-06-42 [restartedMain] INFO  o.a.coyote.http11.Http11NioProtocol - Initializing ProtocolHandler ["http-nio-8084"]
2022-07-02_11-06-42 [restartedMain] INFO  o.a.catalina.core.StandardService - Starting service [Tomcat]
2022-07-02_11-06-42 [restartedMain] INFO  o.a.catalina.core.StandardEngine - Starting Servlet engine: [Apache Tomcat/9.0.64]
2022-07-02_11-06-42 [restartedMain] INFO  o.a.c.c.C.[.[localhost].[/auth] - Initializing Spring embedded WebApplicationContext
2022-07-02_11-06-42 [restartedMain] INFO  o.s.b.w.s.c.ServletWebServerApplicationContext - Root WebApplicationContext: initialization completed in 9879 ms
2022-07-02_11-06-42 [restartedMain] INFO  com.zaxxer.hikari.HikariDataSource - HikariPool-1 - Starting...
2022-07-02_11-06-42 [restartedMain] INFO  com.zaxxer.hikari.HikariDataSource - HikariPool-1 - Start completed.
2022-07-02_11-06-42 [restartedMain] INFO  o.s.b.a.h.H2ConsoleAutoConfiguration - H2 console available at '/h2-console'. Database available at 'jdbc:h2:mem:testdb'
2022-07-02_11-06-42 [restartedMain] INFO  o.s.o.j.LocalContainerEntityManagerFactoryBean - Initialized JPA EntityManagerFactory for persistence unit 'default'
2022-07-02_11-06-42 [restartedMain] INFO  o.s.s.web.DefaultSecurityFilterChain - Will secure any request with [org.springframework.security.web.session.DisableEncodeUrlFilter@6202d6e4, org.springframework.security.web.context.request.async.WebAsyncManagerIntegrationFilter@5feb1c96, org.springframework.security.web.context.SecurityContextPersistenceFilter@567b323d, org.springframework.security.web.header.HeaderWriterFilter@726c4a38, org.springframework.web.filter.CorsFilter@316a9449, org.springframework.security.web.authentication.logout.LogoutFilter@78e3aada, cts.mfpe.authorization.configs.JwtRequestFilter@6266fc90, org.springframework.security.web.savedrequest.RequestCacheAwareFilter@143b71aa, org.springframework.security.web.servletapi.SecurityContextHolderAwareRequestFilter@7e3ed897, org.springframework.security.web.authentication.AnonymousAuthenticationFilter@21cacc08, org.springframework.security.web.session.SessionManagementFilter@4a06e568, org.springframework.security.web.access.ExceptionTranslationFilter@7ea3465b, org.springframework.security.web.access.intercept.FilterSecurityInterceptor@78a9185c]
2022-07-02_11-06-42 [restartedMain] INFO  o.s.b.d.a.OptionalLiveReloadServer - LiveReload server is running on port 35729
2022-07-02_11-06-42 [restartedMain] INFO  o.a.coyote.http11.Http11NioProtocol - Starting ProtocolHandler ["http-nio-8084"]
2022-07-02_11-06-42 [restartedMain] INFO  o.s.b.w.e.tomcat.TomcatWebServer - Tomcat started on port(s): 8084 (http) with context path '/auth'
2022-07-02_11-06-42 [restartedMain] INFO  c.m.a.AuthorizationMicroserviceApplication - Started AuthorizationMicroserviceApplication in 23.516 seconds (JVM running for 26.552)
2022-07-02_11-06-42 [RMI TCP Connection(2)-127.0.0.1] INFO  o.s.b.a.SpringApplicationAdminMXBeanRegistrar$SpringApplicationAdmin - Application shutdown requested.
2022-07-02_11-06-42 [RMI TCP Connection(2)-127.0.0.1] INFO  o.s.o.j.LocalContainerEntityManagerFactoryBean - Closing JPA EntityManagerFactory for persistence unit 'default'
2022-07-02_11-06-42 [RMI TCP Connection(2)-127.0.0.1] INFO  com.zaxxer.hikari.HikariDataSource - HikariPool-1 - Shutdown initiated...
2022-07-02_11-06-42 [RMI TCP Connection(2)-127.0.0.1] INFO  com.zaxxer.hikari.HikariDataSource - HikariPool-1 - Shutdown completed.
2022-07-02_11-23-04 [restartedMain] INFO  c.m.a.AuthorizationMicroserviceApplication - Starting AuthorizationMicroserviceApplication using Java 17.0.2 on VAMSI with PID 836 (C:\Users\Lenovo\git\MFPE\Authorization-Microservice\target\classes started by Lenovo in C:\Users\Lenovo\git\MFPE\Authorization-Microservice)
2022-07-02_11-23-04 [restartedMain] INFO  c.m.a.AuthorizationMicroserviceApplication - No active profile set, falling back to 1 default profile: "default"
2022-07-02_11-23-04 [restartedMain] INFO  o.s.b.d.e.DevToolsPropertyDefaultsPostProcessor - Devtools property defaults active! Set 'spring.devtools.add-properties' to 'false' to disable
2022-07-02_11-23-04 [restartedMain] INFO  o.s.b.d.e.DevToolsPropertyDefaultsPostProcessor - For additional web related logging consider setting the 'logging.level.web' property to 'DEBUG'
2022-07-02_11-23-04 [restartedMain] INFO  o.s.d.r.c.RepositoryConfigurationDelegate - Bootstrapping Spring Data JPA repositories in DEFAULT mode.
2022-07-02_11-23-04 [restartedMain] INFO  o.s.d.r.c.RepositoryConfigurationDelegate - Finished Spring Data repository scanning in 233 ms. Found 2 JPA repository interfaces.
2022-07-02_11-23-04 [restartedMain] INFO  o.s.cloud.context.scope.GenericScope - BeanFactory id=c0d229a8-6f51-3d8f-a0fe-a06cc289db07
2022-07-02_11-23-04 [restartedMain] INFO  o.s.b.w.e.tomcat.TomcatWebServer - Tomcat initialized with port(s): 8084 (http)
2022-07-02_11-23-04 [restartedMain] INFO  o.a.coyote.http11.Http11NioProtocol - Initializing ProtocolHandler ["http-nio-8084"]
2022-07-02_11-23-04 [restartedMain] INFO  o.a.catalina.core.StandardService - Starting service [Tomcat]
2022-07-02_11-23-04 [restartedMain] INFO  o.a.catalina.core.StandardEngine - Starting Servlet engine: [Apache Tomcat/9.0.64]
2022-07-02_11-23-04 [restartedMain] INFO  o.a.c.c.C.[.[localhost].[/auth] - Initializing Spring embedded WebApplicationContext
2022-07-02_11-23-04 [restartedMain] INFO  o.s.b.w.s.c.ServletWebServerApplicationContext - Root WebApplicationContext: initialization completed in 13560 ms
2022-07-02_11-23-04 [restartedMain] INFO  com.zaxxer.hikari.HikariDataSource - HikariPool-1 - Starting...
2022-07-02_11-23-04 [restartedMain] INFO  com.zaxxer.hikari.HikariDataSource - HikariPool-1 - Start completed.
2022-07-02_11-23-04 [restartedMain] INFO  o.s.b.a.h.H2ConsoleAutoConfiguration - H2 console available at '/h2-console'. Database available at 'jdbc:h2:mem:testdb'
2022-07-02_11-23-04 [restartedMain] INFO  o.s.o.j.LocalContainerEntityManagerFactoryBean - Initialized JPA EntityManagerFactory for persistence unit 'default'
2022-07-02_11-23-04 [restartedMain] INFO  o.s.s.web.DefaultSecurityFilterChain - Will secure any request with [org.springframework.security.web.session.DisableEncodeUrlFilter@702c5f94, org.springframework.security.web.context.request.async.WebAsyncManagerIntegrationFilter@6191ad04, org.springframework.security.web.context.SecurityContextPersistenceFilter@758986ec, org.springframework.security.web.header.HeaderWriterFilter@22730e7b, org.springframework.web.filter.CorsFilter@414f906, org.springframework.security.web.authentication.logout.LogoutFilter@1e5e256b, cts.mfpe.authorization.configs.JwtRequestFilter@494489f8, org.springframework.security.web.savedrequest.RequestCacheAwareFilter@69fa629, org.springframework.security.web.servletapi.SecurityContextHolderAwareRequestFilter@13d5ecbb, org.springframework.security.web.authentication.AnonymousAuthenticationFilter@7a6fedea, org.springframework.security.web.session.SessionManagementFilter@52d5a642, org.springframework.security.web.access.ExceptionTranslationFilter@6c4280d4, org.springframework.security.web.access.intercept.FilterSecurityInterceptor@8aa3ca8]
2022-07-02_11-23-04 [restartedMain] INFO  o.s.b.d.a.OptionalLiveReloadServer - LiveReload server is running on port 35729
2022-07-02_11-23-04 [restartedMain] INFO  o.a.coyote.http11.Http11NioProtocol - Starting ProtocolHandler ["http-nio-8084"]
2022-07-02_11-23-04 [restartedMain] INFO  o.s.b.w.e.tomcat.TomcatWebServer - Tomcat started on port(s): 8084 (http) with context path '/auth'
2022-07-02_11-23-04 [restartedMain] INFO  c.m.a.AuthorizationMicroserviceApplication - Started AuthorizationMicroserviceApplication in 28.053 seconds (JVM running for 39.805)
2022-07-02_11-23-04 [RMI TCP Connection(2)-127.0.0.1] INFO  o.s.b.a.SpringApplicationAdminMXBeanRegistrar$SpringApplicationAdmin - Application shutdown requested.
2022-07-02_11-23-04 [RMI TCP Connection(2)-127.0.0.1] INFO  o.s.o.j.LocalContainerEntityManagerFactoryBean - Closing JPA EntityManagerFactory for persistence unit 'default'
2022-07-02_11-23-04 [RMI TCP Connection(2)-127.0.0.1] INFO  com.zaxxer.hikari.HikariDataSource - HikariPool-1 - Shutdown initiated...
2022-07-02_11-23-04 [RMI TCP Connection(2)-127.0.0.1] INFO  com.zaxxer.hikari.HikariDataSource - HikariPool-1 - Shutdown completed.
