2022-07-06_07-09-39 [restartedMain] INFO  c.m.c.CustomerMicroserviceApplication - Starting CustomerMicroserviceApplication using Java 17.0.2 on VAMSI with PID 7768 (C:\Users\Lenovo\git\MFPE\Customer-Microservice\target\classes started by Lenovo in C:\Users\Lenovo\git\MFPE\Customer-Microservice)
2022-07-06_07-09-39 [restartedMain] INFO  c.m.c.CustomerMicroserviceApplication - No active profile set, falling back to 1 default profile: "default"
2022-07-06_07-09-39 [restartedMain] INFO  o.s.b.d.e.DevToolsPropertyDefaultsPostProcessor - Devtools property defaults active! Set 'spring.devtools.add-properties' to 'false' to disable
2022-07-06_07-09-39 [restartedMain] INFO  o.s.b.d.e.DevToolsPropertyDefaultsPostProcessor - For additional web related logging consider setting the 'logging.level.web' property to 'DEBUG'
2022-07-06_07-09-39 [restartedMain] INFO  o.s.d.r.c.RepositoryConfigurationDelegate - Bootstrapping Spring Data JPA repositories in DEFAULT mode.
2022-07-06_07-09-39 [restartedMain] INFO  o.s.d.r.c.RepositoryConfigurationDelegate - Finished Spring Data repository scanning in 109 ms. Found 2 JPA repository interfaces.
2022-07-06_07-09-39 [restartedMain] INFO  o.s.cloud.context.scope.GenericScope - BeanFactory id=8b80bfa6-2773-367d-ab04-04f9e051c46a
2022-07-06_07-09-39 [restartedMain] INFO  o.s.b.w.e.tomcat.TomcatWebServer - Tomcat initialized with port(s): 8081 (http)
2022-07-06_07-09-39 [restartedMain] INFO  o.a.coyote.http11.Http11NioProtocol - Initializing ProtocolHandler ["http-nio-8081"]
2022-07-06_07-09-39 [restartedMain] INFO  o.a.catalina.core.StandardService - Starting service [Tomcat]
2022-07-06_07-09-39 [restartedMain] INFO  o.a.catalina.core.StandardEngine - Starting Servlet engine: [Apache Tomcat/9.0.64]
2022-07-06_07-09-39 [restartedMain] INFO  o.a.c.c.C.[.[localhost].[/customer] - Initializing Spring embedded WebApplicationContext
2022-07-06_07-09-39 [restartedMain] INFO  o.s.b.w.s.c.ServletWebServerApplicationContext - Root WebApplicationContext: initialization completed in 8782 ms
2022-07-06_07-09-39 [restartedMain] INFO  com.zaxxer.hikari.HikariDataSource - HikariPool-1 - Starting...
2022-07-06_07-09-39 [restartedMain] INFO  com.zaxxer.hikari.HikariDataSource - HikariPool-1 - Start completed.
2022-07-06_07-09-39 [restartedMain] INFO  o.s.b.a.h.H2ConsoleAutoConfiguration - H2 console available at '/h2-console'. Database available at 'jdbc:h2:mem:testdb'
2022-07-06_07-09-39 [restartedMain] INFO  o.s.o.j.LocalContainerEntityManagerFactoryBean - Initialized JPA EntityManagerFactory for persistence unit 'default'
2022-07-06_07-09-39 [restartedMain] INFO  o.s.b.d.a.OptionalLiveReloadServer - LiveReload server is running on port 35729
2022-07-06_07-09-39 [restartedMain] INFO  o.a.coyote.http11.Http11NioProtocol - Starting ProtocolHandler ["http-nio-8081"]
2022-07-06_07-09-39 [restartedMain] INFO  o.s.b.w.e.tomcat.TomcatWebServer - Tomcat started on port(s): 8081 (http) with context path '/customer'
2022-07-06_07-09-39 [restartedMain] INFO  c.m.c.CustomerMicroserviceApplication - Started CustomerMicroserviceApplication in 21.484 seconds (JVM running for 24.743)
2022-07-06_07-09-39 [Thread-6] INFO  o.s.o.j.LocalContainerEntityManagerFactoryBean - Closing JPA EntityManagerFactory for persistence unit 'default'
2022-07-06_07-09-39 [Thread-6] INFO  com.zaxxer.hikari.HikariDataSource - HikariPool-1 - Shutdown initiated...
2022-07-06_07-09-39 [Thread-6] INFO  com.zaxxer.hikari.HikariDataSource - HikariPool-1 - Shutdown completed.
2022-07-06_07-14-02 [restartedMain] INFO  c.m.c.CustomerMicroserviceApplication - Starting CustomerMicroserviceApplication using Java 17.0.2 on VAMSI with PID 7768 (C:\Users\Lenovo\git\MFPE\Customer-Microservice\target\classes started by Lenovo in C:\Users\Lenovo\git\MFPE\Customer-Microservice)
2022-07-06_07-14-02 [restartedMain] INFO  c.m.c.CustomerMicroserviceApplication - No active profile set, falling back to 1 default profile: "default"
2022-07-06_07-14-02 [restartedMain] INFO  o.s.d.r.c.RepositoryConfigurationDelegate - Bootstrapping Spring Data JPA repositories in DEFAULT mode.
2022-07-06_07-14-02 [restartedMain] INFO  o.s.d.r.c.RepositoryConfigurationDelegate - Finished Spring Data repository scanning in 13 ms. Found 2 JPA repository interfaces.
2022-07-06_07-14-02 [restartedMain] INFO  o.s.cloud.context.scope.GenericScope - BeanFactory id=8b80bfa6-2773-367d-ab04-04f9e051c46a
2022-07-06_07-14-02 [restartedMain] INFO  o.s.b.w.e.tomcat.TomcatWebServer - Tomcat initialized with port(s): 8081 (http)
2022-07-06_07-14-02 [restartedMain] INFO  o.a.coyote.http11.Http11NioProtocol - Initializing ProtocolHandler ["http-nio-8081"]
2022-07-06_07-14-02 [restartedMain] INFO  o.a.catalina.core.StandardService - Starting service [Tomcat]
2022-07-06_07-14-02 [restartedMain] INFO  o.a.catalina.core.StandardEngine - Starting Servlet engine: [Apache Tomcat/9.0.64]
2022-07-06_07-14-02 [restartedMain] INFO  o.a.c.c.C.[.[localhost].[/customer] - Initializing Spring embedded WebApplicationContext
2022-07-06_07-14-02 [restartedMain] INFO  o.s.b.w.s.c.ServletWebServerApplicationContext - Root WebApplicationContext: initialization completed in 2600 ms
2022-07-06_07-14-02 [restartedMain] INFO  com.zaxxer.hikari.HikariDataSource - HikariPool-2 - Starting...
2022-07-06_07-14-02 [restartedMain] INFO  com.zaxxer.hikari.HikariDataSource - HikariPool-2 - Start completed.
2022-07-06_07-14-02 [restartedMain] INFO  o.s.b.a.h.H2ConsoleAutoConfiguration - H2 console available at '/h2-console'. Database available at 'jdbc:h2:mem:testdb'
2022-07-06_07-14-02 [restartedMain] INFO  o.s.o.j.LocalContainerEntityManagerFactoryBean - Initialized JPA EntityManagerFactory for persistence unit 'default'
2022-07-06_07-14-02 [restartedMain] INFO  o.s.b.d.a.OptionalLiveReloadServer - LiveReload server is running on port 35729
2022-07-06_07-14-02 [restartedMain] INFO  o.a.coyote.http11.Http11NioProtocol - Starting ProtocolHandler ["http-nio-8081"]
2022-07-06_07-14-02 [restartedMain] INFO  o.s.b.w.e.tomcat.TomcatWebServer - Tomcat started on port(s): 8081 (http) with context path '/customer'
2022-07-06_07-14-02 [restartedMain] INFO  c.m.c.CustomerMicroserviceApplication - Started CustomerMicroserviceApplication in 5.425 seconds (JVM running for 272.126)
2022-07-06_07-14-02 [restartedMain] INFO  o.s.b.d.a.ConditionEvaluationDeltaLoggingListener - Condition evaluation unchanged
2022-07-06_07-14-02 [http-nio-8081-exec-2] INFO  o.a.c.c.C.[.[localhost].[/customer] - Initializing Spring DispatcherServlet 'dispatcherServlet'
2022-07-06_07-14-02 [http-nio-8081-exec-2] INFO  o.s.web.servlet.DispatcherServlet - Initializing Servlet 'dispatcherServlet'
2022-07-06_07-14-02 [http-nio-8081-exec-2] INFO  o.s.web.servlet.DispatcherServlet - Completed initialization in 3 ms
2022-07-06_07-14-02 [http-nio-8081-exec-2] INFO  c.m.c.services.CustomerServiceImpl - Customers: []
2022-07-06_07-14-02 [http-nio-8081-exec-2] INFO  c.m.c.services.CustomerServiceImpl - Customer Customer(id=1, name=david, address=mumbai, emailid=david@gmail.com, contactNumber=9876543210, requirements=null) created
2022-07-06_07-14-02 [http-nio-8081-exec-3] INFO  c.m.c.services.CustomerServiceImpl - Requirement with id 1 assigned to customer with id 1
2022-07-06_07-14-02 [Thread-10] INFO  o.s.o.j.LocalContainerEntityManagerFactoryBean - Closing JPA EntityManagerFactory for persistence unit 'default'
2022-07-06_07-14-02 [Thread-10] INFO  com.zaxxer.hikari.HikariDataSource - HikariPool-2 - Shutdown initiated...
2022-07-06_07-14-02 [Thread-10] INFO  com.zaxxer.hikari.HikariDataSource - HikariPool-2 - Shutdown completed.
2022-07-06_07-17-28 [restartedMain] INFO  c.m.c.CustomerMicroserviceApplication - Starting CustomerMicroserviceApplication using Java 17.0.2 on VAMSI with PID 7768 (C:\Users\Lenovo\git\MFPE\Customer-Microservice\target\classes started by Lenovo in C:\Users\Lenovo\git\MFPE\Customer-Microservice)
2022-07-06_07-17-28 [restartedMain] INFO  c.m.c.CustomerMicroserviceApplication - No active profile set, falling back to 1 default profile: "default"
2022-07-06_07-17-28 [restartedMain] INFO  o.s.d.r.c.RepositoryConfigurationDelegate - Bootstrapping Spring Data JPA repositories in DEFAULT mode.
2022-07-06_07-17-28 [restartedMain] INFO  o.s.d.r.c.RepositoryConfigurationDelegate - Finished Spring Data repository scanning in 21 ms. Found 2 JPA repository interfaces.
2022-07-06_07-17-28 [restartedMain] INFO  o.s.cloud.context.scope.GenericScope - BeanFactory id=8b80bfa6-2773-367d-ab04-04f9e051c46a
2022-07-06_07-17-28 [restartedMain] INFO  o.s.b.w.e.tomcat.TomcatWebServer - Tomcat initialized with port(s): 8081 (http)
2022-07-06_07-17-28 [restartedMain] INFO  o.a.coyote.http11.Http11NioProtocol - Initializing ProtocolHandler ["http-nio-8081"]
2022-07-06_07-17-28 [restartedMain] INFO  o.a.catalina.core.StandardService - Starting service [Tomcat]
2022-07-06_07-17-28 [restartedMain] INFO  o.a.catalina.core.StandardEngine - Starting Servlet engine: [Apache Tomcat/9.0.64]
2022-07-06_07-17-28 [restartedMain] INFO  o.a.c.c.C.[.[localhost].[/customer] - Initializing Spring embedded WebApplicationContext
2022-07-06_07-17-28 [restartedMain] INFO  o.s.b.w.s.c.ServletWebServerApplicationContext - Root WebApplicationContext: initialization completed in 1306 ms
2022-07-06_07-17-28 [restartedMain] INFO  com.zaxxer.hikari.HikariDataSource - HikariPool-3 - Starting...
2022-07-06_07-17-28 [restartedMain] INFO  com.zaxxer.hikari.HikariDataSource - HikariPool-3 - Start completed.
2022-07-06_07-17-28 [restartedMain] INFO  o.s.b.a.h.H2ConsoleAutoConfiguration - H2 console available at '/h2-console'. Database available at 'jdbc:h2:mem:testdb'
2022-07-06_07-17-28 [restartedMain] INFO  o.s.o.j.LocalContainerEntityManagerFactoryBean - Initialized JPA EntityManagerFactory for persistence unit 'default'
2022-07-06_07-17-28 [restartedMain] INFO  o.s.b.d.a.OptionalLiveReloadServer - LiveReload server is running on port 35729
2022-07-06_07-17-28 [restartedMain] INFO  o.a.coyote.http11.Http11NioProtocol - Starting ProtocolHandler ["http-nio-8081"]
2022-07-06_07-17-28 [restartedMain] INFO  o.s.b.w.e.tomcat.TomcatWebServer - Tomcat started on port(s): 8081 (http) with context path '/customer'
2022-07-06_07-17-28 [restartedMain] INFO  c.m.c.CustomerMicroserviceApplication - Started CustomerMicroserviceApplication in 3.144 seconds (JVM running for 476.978)
2022-07-06_07-17-28 [restartedMain] INFO  o.s.b.d.a.ConditionEvaluationDeltaLoggingListener - Condition evaluation unchanged
2022-07-06_07-17-28 [Thread-16] INFO  o.s.o.j.LocalContainerEntityManagerFactoryBean - Closing JPA EntityManagerFactory for persistence unit 'default'
2022-07-06_07-17-28 [Thread-16] INFO  com.zaxxer.hikari.HikariDataSource - HikariPool-3 - Shutdown initiated...
2022-07-06_07-17-28 [Thread-16] INFO  com.zaxxer.hikari.HikariDataSource - HikariPool-3 - Shutdown completed.
2022-07-06_07-17-41 [restartedMain] INFO  c.m.c.CustomerMicroserviceApplication - Starting CustomerMicroserviceApplication using Java 17.0.2 on VAMSI with PID 7768 (C:\Users\Lenovo\git\MFPE\Customer-Microservice\target\classes started by Lenovo in C:\Users\Lenovo\git\MFPE\Customer-Microservice)
2022-07-06_07-17-41 [restartedMain] INFO  c.m.c.CustomerMicroserviceApplication - No active profile set, falling back to 1 default profile: "default"
2022-07-06_07-17-41 [restartedMain] INFO  o.s.d.r.c.RepositoryConfigurationDelegate - Bootstrapping Spring Data JPA repositories in DEFAULT mode.
2022-07-06_07-17-41 [restartedMain] INFO  o.s.d.r.c.RepositoryConfigurationDelegate - Finished Spring Data repository scanning in 15 ms. Found 2 JPA repository interfaces.
2022-07-06_07-17-41 [restartedMain] INFO  o.s.cloud.context.scope.GenericScope - BeanFactory id=8b80bfa6-2773-367d-ab04-04f9e051c46a
2022-07-06_07-17-41 [restartedMain] INFO  o.s.b.w.e.tomcat.TomcatWebServer - Tomcat initialized with port(s): 8081 (http)
2022-07-06_07-17-41 [restartedMain] INFO  o.a.coyote.http11.Http11NioProtocol - Initializing ProtocolHandler ["http-nio-8081"]
2022-07-06_07-17-41 [restartedMain] INFO  o.a.catalina.core.StandardService - Starting service [Tomcat]
2022-07-06_07-17-41 [restartedMain] INFO  o.a.catalina.core.StandardEngine - Starting Servlet engine: [Apache Tomcat/9.0.64]
2022-07-06_07-17-41 [restartedMain] INFO  o.a.c.c.C.[.[localhost].[/customer] - Initializing Spring embedded WebApplicationContext
2022-07-06_07-17-41 [restartedMain] INFO  o.s.b.w.s.c.ServletWebServerApplicationContext - Root WebApplicationContext: initialization completed in 735 ms
2022-07-06_07-17-41 [restartedMain] INFO  com.zaxxer.hikari.HikariDataSource - HikariPool-4 - Starting...
2022-07-06_07-17-41 [restartedMain] INFO  com.zaxxer.hikari.HikariDataSource - HikariPool-4 - Start completed.
2022-07-06_07-17-41 [restartedMain] INFO  o.s.b.a.h.H2ConsoleAutoConfiguration - H2 console available at '/h2-console'. Database available at 'jdbc:h2:mem:testdb'
2022-07-06_07-17-41 [restartedMain] INFO  o.s.o.j.LocalContainerEntityManagerFactoryBean - Initialized JPA EntityManagerFactory for persistence unit 'default'
2022-07-06_07-17-41 [restartedMain] INFO  o.s.b.d.a.OptionalLiveReloadServer - LiveReload server is running on port 35729
2022-07-06_07-17-41 [restartedMain] INFO  o.a.coyote.http11.Http11NioProtocol - Starting ProtocolHandler ["http-nio-8081"]
2022-07-06_07-17-41 [restartedMain] INFO  o.s.b.w.e.tomcat.TomcatWebServer - Tomcat started on port(s): 8081 (http) with context path '/customer'
2022-07-06_07-17-41 [restartedMain] INFO  c.m.c.CustomerMicroserviceApplication - Started CustomerMicroserviceApplication in 2.009 seconds (JVM running for 488.767)
2022-07-06_07-17-41 [restartedMain] INFO  o.s.b.d.a.ConditionEvaluationDeltaLoggingListener - Condition evaluation unchanged
2022-07-06_07-17-41 [Thread-22] INFO  o.s.o.j.LocalContainerEntityManagerFactoryBean - Closing JPA EntityManagerFactory for persistence unit 'default'
2022-07-06_07-17-41 [Thread-22] INFO  com.zaxxer.hikari.HikariDataSource - HikariPool-4 - Shutdown initiated...
2022-07-06_07-17-41 [Thread-22] INFO  com.zaxxer.hikari.HikariDataSource - HikariPool-4 - Shutdown completed.
2022-07-06_07-19-01 [restartedMain] INFO  c.m.c.CustomerMicroserviceApplication - Starting CustomerMicroserviceApplication using Java 17.0.2 on VAMSI with PID 7768 (C:\Users\Lenovo\git\MFPE\Customer-Microservice\target\classes started by Lenovo in C:\Users\Lenovo\git\MFPE\Customer-Microservice)
2022-07-06_07-19-01 [restartedMain] INFO  c.m.c.CustomerMicroserviceApplication - No active profile set, falling back to 1 default profile: "default"
2022-07-06_07-19-01 [restartedMain] INFO  o.s.d.r.c.RepositoryConfigurationDelegate - Bootstrapping Spring Data JPA repositories in DEFAULT mode.
2022-07-06_07-19-01 [restartedMain] INFO  o.s.d.r.c.RepositoryConfigurationDelegate - Finished Spring Data repository scanning in 14 ms. Found 2 JPA repository interfaces.
2022-07-06_07-19-01 [restartedMain] INFO  o.s.cloud.context.scope.GenericScope - BeanFactory id=8b80bfa6-2773-367d-ab04-04f9e051c46a
2022-07-06_07-19-01 [restartedMain] INFO  o.s.b.w.e.tomcat.TomcatWebServer - Tomcat initialized with port(s): 8081 (http)
2022-07-06_07-19-01 [restartedMain] INFO  o.a.coyote.http11.Http11NioProtocol - Initializing ProtocolHandler ["http-nio-8081"]
2022-07-06_07-19-01 [restartedMain] INFO  o.a.catalina.core.StandardService - Starting service [Tomcat]
2022-07-06_07-19-01 [restartedMain] INFO  o.a.catalina.core.StandardEngine - Starting Servlet engine: [Apache Tomcat/9.0.64]
2022-07-06_07-19-01 [restartedMain] INFO  o.a.c.c.C.[.[localhost].[/customer] - Initializing Spring embedded WebApplicationContext
2022-07-06_07-19-01 [restartedMain] INFO  o.s.b.w.s.c.ServletWebServerApplicationContext - Root WebApplicationContext: initialization completed in 684 ms
2022-07-06_07-19-01 [restartedMain] INFO  com.zaxxer.hikari.HikariDataSource - HikariPool-5 - Starting...
2022-07-06_07-19-01 [restartedMain] INFO  com.zaxxer.hikari.HikariDataSource - HikariPool-5 - Start completed.
2022-07-06_07-19-01 [restartedMain] INFO  o.s.b.a.h.H2ConsoleAutoConfiguration - H2 console available at '/h2-console'. Database available at 'jdbc:h2:mem:testdb'
2022-07-06_07-19-01 [restartedMain] INFO  o.s.o.j.LocalContainerEntityManagerFactoryBean - Initialized JPA EntityManagerFactory for persistence unit 'default'
2022-07-06_07-19-01 [restartedMain] INFO  o.s.b.d.a.OptionalLiveReloadServer - LiveReload server is running on port 35729
2022-07-06_07-19-01 [restartedMain] INFO  o.a.coyote.http11.Http11NioProtocol - Starting ProtocolHandler ["http-nio-8081"]
2022-07-06_07-19-01 [restartedMain] INFO  o.s.b.w.e.tomcat.TomcatWebServer - Tomcat started on port(s): 8081 (http) with context path '/customer'
2022-07-06_07-19-01 [restartedMain] INFO  c.m.c.CustomerMicroserviceApplication - Started CustomerMicroserviceApplication in 2.211 seconds (JVM running for 568.777)
2022-07-06_07-19-01 [restartedMain] INFO  o.s.b.d.a.ConditionEvaluationDeltaLoggingListener - Condition evaluation unchanged
2022-07-06_07-19-01 [Thread-28] INFO  o.s.o.j.LocalContainerEntityManagerFactoryBean - Closing JPA EntityManagerFactory for persistence unit 'default'
2022-07-06_07-19-01 [Thread-28] INFO  com.zaxxer.hikari.HikariDataSource - HikariPool-5 - Shutdown initiated...
2022-07-06_07-19-01 [Thread-28] INFO  com.zaxxer.hikari.HikariDataSource - HikariPool-5 - Shutdown completed.
2022-07-06_07-20-06 [restartedMain] INFO  c.m.c.CustomerMicroserviceApplication - Starting CustomerMicroserviceApplication using Java 17.0.2 on VAMSI with PID 7768 (C:\Users\Lenovo\git\MFPE\Customer-Microservice\target\classes started by Lenovo in C:\Users\Lenovo\git\MFPE\Customer-Microservice)
2022-07-06_07-20-06 [restartedMain] INFO  c.m.c.CustomerMicroserviceApplication - No active profile set, falling back to 1 default profile: "default"
2022-07-06_07-20-06 [restartedMain] INFO  o.s.d.r.c.RepositoryConfigurationDelegate - Bootstrapping Spring Data JPA repositories in DEFAULT mode.
2022-07-06_07-20-06 [restartedMain] INFO  o.s.d.r.c.RepositoryConfigurationDelegate - Finished Spring Data repository scanning in 12 ms. Found 2 JPA repository interfaces.
2022-07-06_07-20-06 [restartedMain] INFO  o.s.cloud.context.scope.GenericScope - BeanFactory id=8b80bfa6-2773-367d-ab04-04f9e051c46a
2022-07-06_07-20-06 [restartedMain] INFO  o.s.b.w.e.tomcat.TomcatWebServer - Tomcat initialized with port(s): 8081 (http)
2022-07-06_07-20-06 [restartedMain] INFO  o.a.coyote.http11.Http11NioProtocol - Initializing ProtocolHandler ["http-nio-8081"]
2022-07-06_07-20-06 [restartedMain] INFO  o.a.catalina.core.StandardService - Starting service [Tomcat]
2022-07-06_07-20-06 [restartedMain] INFO  o.a.catalina.core.StandardEngine - Starting Servlet engine: [Apache Tomcat/9.0.64]
2022-07-06_07-20-06 [restartedMain] INFO  o.a.c.c.C.[.[localhost].[/customer] - Initializing Spring embedded WebApplicationContext
2022-07-06_07-20-06 [restartedMain] INFO  o.s.b.w.s.c.ServletWebServerApplicationContext - Root WebApplicationContext: initialization completed in 879 ms
2022-07-06_07-20-06 [restartedMain] INFO  com.zaxxer.hikari.HikariDataSource - HikariPool-6 - Starting...
2022-07-06_07-20-06 [restartedMain] INFO  com.zaxxer.hikari.HikariDataSource - HikariPool-6 - Start completed.
2022-07-06_07-20-06 [restartedMain] INFO  o.s.b.a.h.H2ConsoleAutoConfiguration - H2 console available at '/h2-console'. Database available at 'jdbc:h2:mem:testdb'
2022-07-06_07-20-06 [restartedMain] INFO  o.s.o.j.LocalContainerEntityManagerFactoryBean - Initialized JPA EntityManagerFactory for persistence unit 'default'
2022-07-06_07-20-06 [restartedMain] INFO  o.s.b.d.a.OptionalLiveReloadServer - LiveReload server is running on port 35729
2022-07-06_07-20-06 [restartedMain] INFO  o.a.coyote.http11.Http11NioProtocol - Starting ProtocolHandler ["http-nio-8081"]
2022-07-06_07-20-06 [restartedMain] INFO  o.s.b.w.e.tomcat.TomcatWebServer - Tomcat started on port(s): 8081 (http) with context path '/customer'
2022-07-06_07-20-06 [restartedMain] INFO  c.m.c.CustomerMicroserviceApplication - Started CustomerMicroserviceApplication in 2.17 seconds (JVM running for 634.237)
2022-07-06_07-20-06 [restartedMain] INFO  o.s.b.d.a.ConditionEvaluationDeltaLoggingListener - Condition evaluation unchanged
2022-07-06_07-20-06 [Thread-34] INFO  o.s.o.j.LocalContainerEntityManagerFactoryBean - Closing JPA EntityManagerFactory for persistence unit 'default'
2022-07-06_07-20-06 [Thread-34] INFO  com.zaxxer.hikari.HikariDataSource - HikariPool-6 - Shutdown initiated...
2022-07-06_07-20-06 [Thread-34] INFO  com.zaxxer.hikari.HikariDataSource - HikariPool-6 - Shutdown completed.
2022-07-06_07-20-15 [restartedMain] INFO  c.m.c.CustomerMicroserviceApplication - Starting CustomerMicroserviceApplication using Java 17.0.2 on VAMSI with PID 7768 (C:\Users\Lenovo\git\MFPE\Customer-Microservice\target\classes started by Lenovo in C:\Users\Lenovo\git\MFPE\Customer-Microservice)
2022-07-06_07-20-15 [restartedMain] INFO  c.m.c.CustomerMicroserviceApplication - No active profile set, falling back to 1 default profile: "default"
2022-07-06_07-20-15 [restartedMain] INFO  o.s.d.r.c.RepositoryConfigurationDelegate - Bootstrapping Spring Data JPA repositories in DEFAULT mode.
2022-07-06_07-20-15 [restartedMain] INFO  o.s.d.r.c.RepositoryConfigurationDelegate - Finished Spring Data repository scanning in 20 ms. Found 2 JPA repository interfaces.
2022-07-06_07-20-15 [restartedMain] INFO  o.s.cloud.context.scope.GenericScope - BeanFactory id=8b80bfa6-2773-367d-ab04-04f9e051c46a
2022-07-06_07-20-15 [restartedMain] INFO  o.s.b.w.e.tomcat.TomcatWebServer - Tomcat initialized with port(s): 8081 (http)
2022-07-06_07-20-15 [restartedMain] INFO  o.a.coyote.http11.Http11NioProtocol - Initializing ProtocolHandler ["http-nio-8081"]
2022-07-06_07-20-15 [restartedMain] INFO  o.a.catalina.core.StandardService - Starting service [Tomcat]
2022-07-06_07-20-15 [restartedMain] INFO  o.a.catalina.core.StandardEngine - Starting Servlet engine: [Apache Tomcat/9.0.64]
2022-07-06_07-20-15 [restartedMain] INFO  o.a.c.c.C.[.[localhost].[/customer] - Initializing Spring embedded WebApplicationContext
2022-07-06_07-20-15 [restartedMain] INFO  o.s.b.w.s.c.ServletWebServerApplicationContext - Root WebApplicationContext: initialization completed in 668 ms
2022-07-06_07-20-15 [restartedMain] INFO  com.zaxxer.hikari.HikariDataSource - HikariPool-7 - Starting...
2022-07-06_07-20-15 [restartedMain] INFO  com.zaxxer.hikari.HikariDataSource - HikariPool-7 - Start completed.
2022-07-06_07-20-15 [restartedMain] INFO  o.s.b.a.h.H2ConsoleAutoConfiguration - H2 console available at '/h2-console'. Database available at 'jdbc:h2:mem:testdb'
2022-07-06_07-20-15 [restartedMain] INFO  o.s.o.j.LocalContainerEntityManagerFactoryBean - Initialized JPA EntityManagerFactory for persistence unit 'default'
2022-07-06_07-20-15 [restartedMain] INFO  o.s.b.d.a.OptionalLiveReloadServer - LiveReload server is running on port 35729
2022-07-06_07-20-15 [restartedMain] INFO  o.a.coyote.http11.Http11NioProtocol - Starting ProtocolHandler ["http-nio-8081"]
2022-07-06_07-20-15 [restartedMain] INFO  o.s.b.w.e.tomcat.TomcatWebServer - Tomcat started on port(s): 8081 (http) with context path '/customer'
2022-07-06_07-20-15 [restartedMain] INFO  c.m.c.CustomerMicroserviceApplication - Started CustomerMicroserviceApplication in 2.097 seconds (JVM running for 642.702)
2022-07-06_07-20-15 [restartedMain] INFO  o.s.b.d.a.ConditionEvaluationDeltaLoggingListener - Condition evaluation unchanged
2022-07-06_07-20-15 [RMI TCP Connection(14)-127.0.0.1] INFO  o.s.b.a.SpringApplicationAdminMXBeanRegistrar$SpringApplicationAdmin - Application shutdown requested.
2022-07-06_07-20-15 [RMI TCP Connection(14)-127.0.0.1] INFO  o.s.o.j.LocalContainerEntityManagerFactoryBean - Closing JPA EntityManagerFactory for persistence unit 'default'
2022-07-06_07-20-15 [RMI TCP Connection(14)-127.0.0.1] INFO  com.zaxxer.hikari.HikariDataSource - HikariPool-7 - Shutdown initiated...
2022-07-06_07-20-15 [RMI TCP Connection(14)-127.0.0.1] INFO  com.zaxxer.hikari.HikariDataSource - HikariPool-7 - Shutdown completed.
2022-07-06_09-25-26 [restartedMain] INFO  c.m.c.CustomerMicroserviceApplication - Starting CustomerMicroserviceApplication using Java 17.0.2 on VAMSI with PID 5492 (C:\Users\Lenovo\git\MFPE\Customer-Microservice\target\classes started by Lenovo in C:\Users\Lenovo\git\MFPE\Customer-Microservice)
2022-07-06_09-25-26 [restartedMain] INFO  c.m.c.CustomerMicroserviceApplication - No active profile set, falling back to 1 default profile: "default"
2022-07-06_09-25-26 [restartedMain] INFO  o.s.b.d.e.DevToolsPropertyDefaultsPostProcessor - Devtools property defaults active! Set 'spring.devtools.add-properties' to 'false' to disable
2022-07-06_09-25-26 [restartedMain] INFO  o.s.b.d.e.DevToolsPropertyDefaultsPostProcessor - For additional web related logging consider setting the 'logging.level.web' property to 'DEBUG'
2022-07-06_09-25-26 [restartedMain] INFO  o.s.d.r.c.RepositoryConfigurationDelegate - Bootstrapping Spring Data JPA repositories in DEFAULT mode.
2022-07-06_09-25-26 [restartedMain] INFO  o.s.d.r.c.RepositoryConfigurationDelegate - Finished Spring Data repository scanning in 71 ms. Found 2 JPA repository interfaces.
2022-07-06_09-25-26 [restartedMain] INFO  o.s.cloud.context.scope.GenericScope - BeanFactory id=8b80bfa6-2773-367d-ab04-04f9e051c46a
2022-07-06_09-25-26 [restartedMain] INFO  o.s.b.w.e.tomcat.TomcatWebServer - Tomcat initialized with port(s): 8081 (http)
2022-07-06_09-25-26 [restartedMain] INFO  o.a.coyote.http11.Http11NioProtocol - Initializing ProtocolHandler ["http-nio-8081"]
2022-07-06_09-25-26 [restartedMain] INFO  o.a.catalina.core.StandardService - Starting service [Tomcat]
2022-07-06_09-25-26 [restartedMain] INFO  o.a.catalina.core.StandardEngine - Starting Servlet engine: [Apache Tomcat/9.0.64]
2022-07-06_09-25-26 [restartedMain] INFO  o.a.c.c.C.[.[localhost].[/customer] - Initializing Spring embedded WebApplicationContext
2022-07-06_09-25-26 [restartedMain] INFO  o.s.b.w.s.c.ServletWebServerApplicationContext - Root WebApplicationContext: initialization completed in 7618 ms
2022-07-06_09-25-26 [restartedMain] INFO  com.zaxxer.hikari.HikariDataSource - HikariPool-1 - Starting...
2022-07-06_09-25-26 [restartedMain] INFO  com.zaxxer.hikari.HikariDataSource - HikariPool-1 - Start completed.
2022-07-06_09-25-26 [restartedMain] INFO  o.s.b.a.h.H2ConsoleAutoConfiguration - H2 console available at '/h2-console'. Database available at 'jdbc:h2:mem:testdb'
2022-07-06_09-25-26 [restartedMain] INFO  o.s.o.j.LocalContainerEntityManagerFactoryBean - Initialized JPA EntityManagerFactory for persistence unit 'default'
2022-07-06_09-25-26 [restartedMain] INFO  o.a.coyote.http11.Http11NioProtocol - Starting ProtocolHandler ["http-nio-8081"]
2022-07-06_09-25-26 [restartedMain] INFO  o.s.b.w.e.tomcat.TomcatWebServer - Tomcat started on port(s): 8081 (http) with context path '/customer'
2022-07-06_09-25-26 [restartedMain] INFO  c.m.c.CustomerMicroserviceApplication - Started CustomerMicroserviceApplication in 14.854 seconds (JVM running for 16.519)
2022-07-06_09-25-26 [http-nio-8081-exec-3] INFO  o.a.c.c.C.[.[localhost].[/customer] - Initializing Spring DispatcherServlet 'dispatcherServlet'
2022-07-06_09-25-26 [http-nio-8081-exec-3] INFO  o.s.web.servlet.DispatcherServlet - Initializing Servlet 'dispatcherServlet'
2022-07-06_09-25-26 [http-nio-8081-exec-3] INFO  o.s.web.servlet.DispatcherServlet - Completed initialization in 500 ms
2022-07-06_09-25-26 [RMI TCP Connection(21)-127.0.0.1] INFO  o.s.b.a.SpringApplicationAdminMXBeanRegistrar$SpringApplicationAdmin - Application shutdown requested.
2022-07-06_09-25-26 [RMI TCP Connection(21)-127.0.0.1] INFO  o.s.o.j.LocalContainerEntityManagerFactoryBean - Closing JPA EntityManagerFactory for persistence unit 'default'
2022-07-06_09-25-26 [RMI TCP Connection(21)-127.0.0.1] INFO  com.zaxxer.hikari.HikariDataSource - HikariPool-1 - Shutdown initiated...
2022-07-06_09-25-26 [RMI TCP Connection(21)-127.0.0.1] INFO  com.zaxxer.hikari.HikariDataSource - HikariPool-1 - Shutdown completed.
2022-07-06_09-46-46 [restartedMain] INFO  c.m.c.CustomerMicroserviceApplication - Starting CustomerMicroserviceApplication using Java 17.0.2 on VAMSI with PID 6372 (C:\Users\Lenovo\git\MFPE\Customer-Microservice\target\classes started by Lenovo in C:\Users\Lenovo\git\MFPE\Customer-Microservice)
2022-07-06_09-46-46 [restartedMain] INFO  c.m.c.CustomerMicroserviceApplication - No active profile set, falling back to 1 default profile: "default"
2022-07-06_09-46-46 [restartedMain] INFO  o.s.b.d.e.DevToolsPropertyDefaultsPostProcessor - Devtools property defaults active! Set 'spring.devtools.add-properties' to 'false' to disable
2022-07-06_09-46-46 [restartedMain] INFO  o.s.b.d.e.DevToolsPropertyDefaultsPostProcessor - For additional web related logging consider setting the 'logging.level.web' property to 'DEBUG'
2022-07-06_09-46-46 [restartedMain] INFO  o.s.d.r.c.RepositoryConfigurationDelegate - Bootstrapping Spring Data JPA repositories in DEFAULT mode.
2022-07-06_09-46-46 [restartedMain] INFO  o.s.d.r.c.RepositoryConfigurationDelegate - Finished Spring Data repository scanning in 140 ms. Found 2 JPA repository interfaces.
2022-07-06_09-46-46 [restartedMain] INFO  o.s.cloud.context.scope.GenericScope - BeanFactory id=8b80bfa6-2773-367d-ab04-04f9e051c46a
2022-07-06_09-46-46 [restartedMain] INFO  o.s.b.w.e.tomcat.TomcatWebServer - Tomcat initialized with port(s): 8081 (http)
2022-07-06_09-46-46 [restartedMain] INFO  o.a.coyote.http11.Http11NioProtocol - Initializing ProtocolHandler ["http-nio-8081"]
2022-07-06_09-46-46 [restartedMain] INFO  o.a.catalina.core.StandardService - Starting service [Tomcat]
2022-07-06_09-46-46 [restartedMain] INFO  o.a.catalina.core.StandardEngine - Starting Servlet engine: [Apache Tomcat/9.0.64]
2022-07-06_09-46-46 [restartedMain] INFO  o.a.c.c.C.[.[localhost].[/customer] - Initializing Spring embedded WebApplicationContext
2022-07-06_09-46-46 [restartedMain] INFO  o.s.b.w.s.c.ServletWebServerApplicationContext - Root WebApplicationContext: initialization completed in 11548 ms
2022-07-06_09-46-46 [restartedMain] INFO  com.zaxxer.hikari.HikariDataSource - HikariPool-1 - Starting...
2022-07-06_09-46-46 [restartedMain] INFO  com.zaxxer.hikari.HikariDataSource - HikariPool-1 - Start completed.
2022-07-06_09-46-46 [restartedMain] INFO  o.s.b.a.h.H2ConsoleAutoConfiguration - H2 console available at '/h2-console'. Database available at 'jdbc:h2:mem:testdb'
2022-07-06_09-46-46 [restartedMain] INFO  o.s.o.j.LocalContainerEntityManagerFactoryBean - Initialized JPA EntityManagerFactory for persistence unit 'default'
2022-07-06_09-46-46 [restartedMain] INFO  o.s.b.d.a.OptionalLiveReloadServer - LiveReload server is running on port 35729
2022-07-06_09-46-46 [restartedMain] INFO  o.a.coyote.http11.Http11NioProtocol - Starting ProtocolHandler ["http-nio-8081"]
2022-07-06_09-46-46 [restartedMain] INFO  o.s.b.w.e.tomcat.TomcatWebServer - Tomcat started on port(s): 8081 (http) with context path '/customer'
2022-07-06_09-46-46 [restartedMain] INFO  c.m.c.CustomerMicroserviceApplication - Started CustomerMicroserviceApplication in 127.284 seconds (JVM running for 137.011)
2022-07-06_09-46-46 [http-nio-8081-exec-2] INFO  o.a.c.c.C.[.[localhost].[/customer] - Initializing Spring DispatcherServlet 'dispatcherServlet'
2022-07-06_09-46-46 [http-nio-8081-exec-2] INFO  o.s.web.servlet.DispatcherServlet - Initializing Servlet 'dispatcherServlet'
2022-07-06_09-46-46 [http-nio-8081-exec-2] INFO  o.s.web.servlet.DispatcherServlet - Completed initialization in 1488 ms
2022-07-06_09-46-46 [http-nio-8081-exec-2] INFO  c.m.c.services.CustomerServiceImpl - Customers: []
2022-07-06_09-46-46 [http-nio-8081-exec-2] INFO  c.m.c.services.CustomerServiceImpl - Customer Customer(id=1, name=david, address=mumbai, emailid=david@gmail.com, contactNumber=9876543210, requirements=null) created
2022-07-06_09-46-46 [http-nio-8081-exec-7] INFO  c.m.c.services.CustomerServiceImpl - Customers: [Customer(id=1, name=david, address=mumbai, emailid=david@gmail.com, contactNumber=9876543210, requirements=[])]
2022-07-06_09-46-46 [http-nio-8081-exec-9] INFO  c.m.c.services.CustomerServiceImpl - Requirement with id 1 assigned to customer with id 1
2022-07-06_09-46-46 [http-nio-8081-exec-1] INFO  c.m.c.services.CustomerServiceImpl - Requirement with id 2 assigned to customer with id 1
2022-07-06_09-46-46 [http-nio-8081-exec-2] INFO  c.m.c.services.CustomerServiceImpl - Customer: Customer(id=1, name=david, address=mumbai, emailid=david@gmail.com, contactNumber=9876543210, requirements=[Requirement(id=1, propertyType=villa, locality=Hyderabad, budget=1000000.0), Requirement(id=2, propertyType=flat, locality=Mumbai, budget=1500000.0)])
2022-07-06_09-46-46 [http-nio-8081-exec-10] INFO  c.m.c.services.CustomerServiceImpl - Customers: [Customer(id=1, name=david, address=mumbai, emailid=david@gmail.com, contactNumber=9876543210, requirements=[Requirement(id=1, propertyType=villa, locality=Hyderabad, budget=1000000.0), Requirement(id=2, propertyType=flat, locality=Mumbai, budget=1500000.0)])]
2022-07-06_09-46-46 [http-nio-8081-exec-8] INFO  c.m.c.services.CustomerServiceImpl - Requirements: [Requirement(id=1, propertyType=villa, locality=Hyderabad, budget=1000000.0), Requirement(id=2, propertyType=flat, locality=Mumbai, budget=1500000.0), Requirement(id=3, propertyType=duplex, locality=Delhi, budget=2000000.0)]
2022-07-06_09-46-46 [http-nio-8081-exec-1] INFO  c.m.c.services.CustomerServiceImpl - Properties: [Property(id=1, propertyType=villa, locality=Hyderabad, budget=1000000.0), Property(id=2, propertyType=flat, locality=Mumbai, budget=1500000.0), Property(id=3, propertyType=duplex, locality=Delhi, budget=2000000.0), Property(id=4, propertyType=villa, locality=delhi, budget=19800.0)]
2022-07-06_09-46-46 [http-nio-8081-exec-6] INFO  c.m.c.services.CustomerServiceImpl - Customer: Customer(id=1, name=david, address=mumbai, emailid=david@gmail.com, contactNumber=9876543210, requirements=[Requirement(id=1, propertyType=villa, locality=Hyderabad, budget=1000000.0), Requirement(id=2, propertyType=flat, locality=Mumbai, budget=1500000.0)])
2022-07-06_09-46-46 [http-nio-8081-exec-2] INFO  c.m.c.services.CustomerServiceImpl - Customers: [Customer(id=1, name=david, address=mumbai, emailid=david@gmail.com, contactNumber=9876543210, requirements=[Requirement(id=1, propertyType=villa, locality=Hyderabad, budget=1000000.0), Requirement(id=2, propertyType=flat, locality=Mumbai, budget=1500000.0)])]
2022-07-06_09-46-46 [http-nio-8081-exec-7] INFO  c.m.c.services.CustomerServiceImpl - Customer: Customer(id=1, name=david, address=mumbai, emailid=david@gmail.com, contactNumber=9876543210, requirements=[Requirement(id=1, propertyType=villa, locality=Hyderabad, budget=1000000.0), Requirement(id=2, propertyType=flat, locality=Mumbai, budget=1500000.0)])
2022-07-06_09-46-46 [Thread-6] INFO  o.s.o.j.LocalContainerEntityManagerFactoryBean - Closing JPA EntityManagerFactory for persistence unit 'default'
2022-07-06_09-46-46 [Thread-6] INFO  com.zaxxer.hikari.HikariDataSource - HikariPool-1 - Shutdown initiated...
2022-07-06_09-46-46 [Thread-6] INFO  com.zaxxer.hikari.HikariDataSource - HikariPool-1 - Shutdown completed.
2022-07-06_10-56-46 [restartedMain] INFO  c.m.c.CustomerMicroserviceApplication - Starting CustomerMicroserviceApplication using Java 17.0.2 on VAMSI with PID 6372 (C:\Users\Lenovo\git\MFPE\Customer-Microservice\target\classes started by Lenovo in C:\Users\Lenovo\git\MFPE\Customer-Microservice)
2022-07-06_10-56-46 [restartedMain] INFO  c.m.c.CustomerMicroserviceApplication - No active profile set, falling back to 1 default profile: "default"
2022-07-06_10-56-46 [restartedMain] INFO  o.s.d.r.c.RepositoryConfigurationDelegate - Bootstrapping Spring Data JPA repositories in DEFAULT mode.
2022-07-06_10-56-46 [restartedMain] INFO  o.s.d.r.c.RepositoryConfigurationDelegate - Finished Spring Data repository scanning in 824 ms. Found 2 JPA repository interfaces.
2022-07-06_10-56-46 [restartedMain] INFO  o.s.cloud.context.scope.GenericScope - BeanFactory id=8b80bfa6-2773-367d-ab04-04f9e051c46a
2022-07-06_10-56-46 [restartedMain] INFO  o.s.b.w.e.tomcat.TomcatWebServer - Tomcat initialized with port(s): 8081 (http)
2022-07-06_10-56-46 [restartedMain] INFO  o.a.coyote.http11.Http11NioProtocol - Initializing ProtocolHandler ["http-nio-8081"]
2022-07-06_10-56-46 [restartedMain] INFO  o.a.catalina.core.StandardService - Starting service [Tomcat]
2022-07-06_10-56-46 [restartedMain] INFO  o.a.catalina.core.StandardEngine - Starting Servlet engine: [Apache Tomcat/9.0.64]
2022-07-06_10-56-46 [restartedMain] INFO  o.a.c.c.C.[.[localhost].[/customer] - Initializing Spring embedded WebApplicationContext
2022-07-06_10-56-46 [restartedMain] INFO  o.s.b.w.s.c.ServletWebServerApplicationContext - Root WebApplicationContext: initialization completed in 47068 ms
2022-07-06_10-56-46 [restartedMain] INFO  com.zaxxer.hikari.HikariDataSource - HikariPool-2 - Starting...
2022-07-06_10-56-46 [restartedMain] INFO  com.zaxxer.hikari.HikariDataSource - HikariPool-2 - Start completed.
2022-07-06_10-56-46 [restartedMain] INFO  o.s.b.a.h.H2ConsoleAutoConfiguration - H2 console available at '/h2-console'. Database available at 'jdbc:h2:mem:testdb'
2022-07-06_10-56-46 [restartedMain] INFO  o.s.o.j.LocalContainerEntityManagerFactoryBean - Initialized JPA EntityManagerFactory for persistence unit 'default'
2022-07-06_10-56-46 [restartedMain] INFO  o.s.b.d.a.OptionalLiveReloadServer - LiveReload server is running on port 35729
2022-07-06_10-56-46 [restartedMain] INFO  o.a.coyote.http11.Http11NioProtocol - Starting ProtocolHandler ["http-nio-8081"]
2022-07-06_10-56-46 [restartedMain] INFO  o.s.b.w.e.tomcat.TomcatWebServer - Tomcat started on port(s): 8081 (http) with context path '/customer'
2022-07-06_10-56-46 [restartedMain] INFO  c.m.c.CustomerMicroserviceApplication - Started CustomerMicroserviceApplication in 62.251 seconds (JVM running for 4269.591)
2022-07-06_10-56-46 [restartedMain] INFO  o.s.b.d.a.ConditionEvaluationDeltaLoggingListener - Condition evaluation unchanged
2022-07-06_11-30-56 [Thread-10] INFO  o.s.o.j.LocalContainerEntityManagerFactoryBean - Closing JPA EntityManagerFactory for persistence unit 'default'
2022-07-06_11-30-56 [Thread-10] INFO  com.zaxxer.hikari.HikariDataSource - HikariPool-2 - Shutdown initiated...
2022-07-06_11-30-56 [Thread-10] INFO  com.zaxxer.hikari.HikariDataSource - HikariPool-2 - Shutdown completed.
2022-07-06_11-32-59 [restartedMain] INFO  c.m.c.CustomerMicroserviceApplication - Starting CustomerMicroserviceApplication using Java 17.0.2 on VAMSI with PID 6372 (C:\Users\Lenovo\git\MFPE\Customer-Microservice\target\classes started by Lenovo in C:\Users\Lenovo\git\MFPE\Customer-Microservice)
2022-07-06_11-32-59 [restartedMain] INFO  c.m.c.CustomerMicroserviceApplication - No active profile set, falling back to 1 default profile: "default"
2022-07-06_11-32-59 [restartedMain] INFO  o.s.d.r.c.RepositoryConfigurationDelegate - Bootstrapping Spring Data JPA repositories in DEFAULT mode.
2022-07-06_11-32-59 [restartedMain] INFO  o.s.d.r.c.RepositoryConfigurationDelegate - Finished Spring Data repository scanning in 56 ms. Found 2 JPA repository interfaces.
2022-07-06_11-32-59 [restartedMain] INFO  o.s.cloud.context.scope.GenericScope - BeanFactory id=8b80bfa6-2773-367d-ab04-04f9e051c46a
2022-07-06_11-32-59 [restartedMain] INFO  o.s.b.w.e.tomcat.TomcatWebServer - Tomcat initialized with port(s): 8081 (http)
2022-07-06_11-32-59 [restartedMain] INFO  o.a.coyote.http11.Http11NioProtocol - Initializing ProtocolHandler ["http-nio-8081"]
2022-07-06_11-32-59 [restartedMain] INFO  o.a.catalina.core.StandardService - Starting service [Tomcat]
2022-07-06_11-32-59 [restartedMain] INFO  o.a.catalina.core.StandardEngine - Starting Servlet engine: [Apache Tomcat/9.0.64]
2022-07-06_11-32-59 [restartedMain] INFO  o.a.c.c.C.[.[localhost].[/customer] - Initializing Spring embedded WebApplicationContext
2022-07-06_11-32-59 [restartedMain] INFO  o.s.b.w.s.c.ServletWebServerApplicationContext - Root WebApplicationContext: initialization completed in 6692 ms
2022-07-06_11-32-59 [restartedMain] INFO  com.zaxxer.hikari.HikariDataSource - HikariPool-3 - Starting...
2022-07-06_11-32-59 [restartedMain] INFO  com.zaxxer.hikari.HikariDataSource - HikariPool-3 - Start completed.
2022-07-06_11-32-59 [restartedMain] INFO  o.s.b.a.h.H2ConsoleAutoConfiguration - H2 console available at '/h2-console'. Database available at 'jdbc:h2:mem:testdb'
2022-07-06_11-32-59 [restartedMain] INFO  o.s.o.j.LocalContainerEntityManagerFactoryBean - Initialized JPA EntityManagerFactory for persistence unit 'default'
2022-07-06_11-32-59 [restartedMain] INFO  o.s.b.d.a.OptionalLiveReloadServer - LiveReload server is running on port 35729
2022-07-06_11-32-59 [restartedMain] INFO  o.a.coyote.http11.Http11NioProtocol - Starting ProtocolHandler ["http-nio-8081"]
2022-07-06_11-32-59 [restartedMain] INFO  o.s.b.w.e.tomcat.TomcatWebServer - Tomcat started on port(s): 8081 (http) with context path '/customer'
2022-07-06_11-32-59 [restartedMain] INFO  c.m.c.CustomerMicroserviceApplication - Started CustomerMicroserviceApplication in 17.718 seconds (JVM running for 6395.742)
2022-07-06_11-32-59 [restartedMain] INFO  o.s.b.d.a.ConditionEvaluationDeltaLoggingListener - Condition evaluation unchanged
2022-07-06_11-32-59 [Thread-16] INFO  o.s.o.j.LocalContainerEntityManagerFactoryBean - Closing JPA EntityManagerFactory for persistence unit 'default'
2022-07-06_11-32-59 [Thread-16] INFO  com.zaxxer.hikari.HikariDataSource - HikariPool-3 - Shutdown initiated...
2022-07-06_11-32-59 [Thread-16] INFO  com.zaxxer.hikari.HikariDataSource - HikariPool-3 - Shutdown completed.
2022-07-06_11-33-13 [restartedMain] INFO  c.m.c.CustomerMicroserviceApplication - Starting CustomerMicroserviceApplication using Java 17.0.2 on VAMSI with PID 6372 (C:\Users\Lenovo\git\MFPE\Customer-Microservice\target\classes started by Lenovo in C:\Users\Lenovo\git\MFPE\Customer-Microservice)
2022-07-06_11-33-13 [restartedMain] INFO  c.m.c.CustomerMicroserviceApplication - No active profile set, falling back to 1 default profile: "default"
2022-07-06_11-33-13 [restartedMain] INFO  o.s.d.r.c.RepositoryConfigurationDelegate - Bootstrapping Spring Data JPA repositories in DEFAULT mode.
2022-07-06_11-33-13 [restartedMain] INFO  o.s.d.r.c.RepositoryConfigurationDelegate - Finished Spring Data repository scanning in 35 ms. Found 2 JPA repository interfaces.
2022-07-06_11-33-13 [restartedMain] INFO  o.s.cloud.context.scope.GenericScope - BeanFactory id=8b80bfa6-2773-367d-ab04-04f9e051c46a
2022-07-06_11-33-13 [restartedMain] INFO  o.s.b.w.e.tomcat.TomcatWebServer - Tomcat initialized with port(s): 8081 (http)
2022-07-06_11-33-13 [restartedMain] INFO  o.a.coyote.http11.Http11NioProtocol - Initializing ProtocolHandler ["http-nio-8081"]
2022-07-06_11-33-13 [restartedMain] INFO  o.a.catalina.core.StandardService - Starting service [Tomcat]
2022-07-06_11-33-13 [restartedMain] INFO  o.a.catalina.core.StandardEngine - Starting Servlet engine: [Apache Tomcat/9.0.64]
2022-07-06_11-33-13 [restartedMain] INFO  o.a.c.c.C.[.[localhost].[/customer] - Initializing Spring embedded WebApplicationContext
2022-07-06_11-33-13 [restartedMain] INFO  o.s.b.w.s.c.ServletWebServerApplicationContext - Root WebApplicationContext: initialization completed in 1892 ms
2022-07-06_11-33-13 [restartedMain] INFO  com.zaxxer.hikari.HikariDataSource - HikariPool-4 - Starting...
2022-07-06_11-33-13 [restartedMain] INFO  com.zaxxer.hikari.HikariDataSource - HikariPool-4 - Start completed.
2022-07-06_11-33-13 [restartedMain] INFO  o.s.b.a.h.H2ConsoleAutoConfiguration - H2 console available at '/h2-console'. Database available at 'jdbc:h2:mem:testdb'
2022-07-06_11-33-13 [restartedMain] INFO  o.s.o.j.LocalContainerEntityManagerFactoryBean - Initialized JPA EntityManagerFactory for persistence unit 'default'
2022-07-06_11-33-13 [restartedMain] INFO  o.s.b.d.a.OptionalLiveReloadServer - LiveReload server is running on port 35729
2022-07-06_11-33-13 [restartedMain] INFO  o.a.coyote.http11.Http11NioProtocol - Starting ProtocolHandler ["http-nio-8081"]
2022-07-06_11-33-13 [restartedMain] INFO  o.s.b.w.e.tomcat.TomcatWebServer - Tomcat started on port(s): 8081 (http) with context path '/customer'
2022-07-06_11-33-13 [restartedMain] INFO  c.m.c.CustomerMicroserviceApplication - Started CustomerMicroserviceApplication in 5.451 seconds (JVM running for 6402.44)
2022-07-06_11-33-13 [restartedMain] INFO  o.s.b.d.a.ConditionEvaluationDeltaLoggingListener - Condition evaluation unchanged
2022-07-06_11-39-42 [restartedMain] INFO  c.m.c.CustomerMicroserviceApplication - Starting CustomerMicroserviceApplication using Java 17.0.2 on VAMSI with PID 9660 (C:\Users\Lenovo\git\MFPE\Customer-Microservice\target\classes started by Lenovo in C:\Users\Lenovo\git\MFPE\Customer-Microservice)
2022-07-06_11-39-42 [restartedMain] INFO  c.m.c.CustomerMicroserviceApplication - No active profile set, falling back to 1 default profile: "default"
2022-07-06_11-39-42 [restartedMain] INFO  o.s.b.d.e.DevToolsPropertyDefaultsPostProcessor - Devtools property defaults active! Set 'spring.devtools.add-properties' to 'false' to disable
2022-07-06_11-39-42 [restartedMain] INFO  o.s.b.d.e.DevToolsPropertyDefaultsPostProcessor - For additional web related logging consider setting the 'logging.level.web' property to 'DEBUG'
2022-07-06_11-39-42 [restartedMain] INFO  o.s.d.r.c.RepositoryConfigurationDelegate - Bootstrapping Spring Data JPA repositories in DEFAULT mode.
2022-07-06_11-39-42 [restartedMain] INFO  o.s.d.r.c.RepositoryConfigurationDelegate - Finished Spring Data repository scanning in 62 ms. Found 2 JPA repository interfaces.
2022-07-06_11-39-42 [restartedMain] INFO  o.s.cloud.context.scope.GenericScope - BeanFactory id=8b80bfa6-2773-367d-ab04-04f9e051c46a
2022-07-06_11-39-42 [restartedMain] INFO  o.s.b.w.e.tomcat.TomcatWebServer - Tomcat initialized with port(s): 8081 (http)
2022-07-06_11-39-42 [restartedMain] INFO  o.a.coyote.http11.Http11NioProtocol - Initializing ProtocolHandler ["http-nio-8081"]
2022-07-06_11-39-42 [restartedMain] INFO  o.a.catalina.core.StandardService - Starting service [Tomcat]
2022-07-06_11-39-42 [restartedMain] INFO  o.a.catalina.core.StandardEngine - Starting Servlet engine: [Apache Tomcat/9.0.64]
2022-07-06_11-39-42 [restartedMain] INFO  o.a.c.c.C.[.[localhost].[/customer] - Initializing Spring embedded WebApplicationContext
2022-07-06_11-39-42 [restartedMain] INFO  o.s.b.w.s.c.ServletWebServerApplicationContext - Root WebApplicationContext: initialization completed in 2720 ms
2022-07-06_11-39-42 [restartedMain] INFO  com.zaxxer.hikari.HikariDataSource - HikariPool-1 - Starting...
2022-07-06_11-39-42 [restartedMain] INFO  com.zaxxer.hikari.HikariDataSource - HikariPool-1 - Start completed.
2022-07-06_11-39-42 [restartedMain] INFO  o.s.b.a.h.H2ConsoleAutoConfiguration - H2 console available at '/h2-console'. Database available at 'jdbc:h2:mem:testdb'
2022-07-06_11-39-42 [restartedMain] INFO  o.s.o.j.LocalContainerEntityManagerFactoryBean - Initialized JPA EntityManagerFactory for persistence unit 'default'
2022-07-06_11-39-42 [restartedMain] INFO  o.a.coyote.http11.Http11NioProtocol - Starting ProtocolHandler ["http-nio-8081"]
2022-07-06_11-39-42 [restartedMain] INFO  o.s.b.w.e.tomcat.TomcatWebServer - Tomcat started on port(s): 8081 (http) with context path '/customer'
2022-07-06_11-39-42 [restartedMain] INFO  c.m.c.CustomerMicroserviceApplication - Started CustomerMicroserviceApplication in 9.85 seconds (JVM running for 11.186)
2022-07-06_11-39-42 [http-nio-8081-exec-1] INFO  o.a.c.c.C.[.[localhost].[/customer] - Initializing Spring DispatcherServlet 'dispatcherServlet'
2022-07-06_11-39-42 [http-nio-8081-exec-1] INFO  o.s.web.servlet.DispatcherServlet - Initializing Servlet 'dispatcherServlet'
2022-07-06_11-39-42 [http-nio-8081-exec-1] INFO  o.s.web.servlet.DispatcherServlet - Completed initialization in 2302 ms
2022-07-06_11-39-42 [http-nio-8081-exec-2] INFO  c.m.c.services.CustomerServiceImpl - Customers: []
2022-07-06_11-39-42 [http-nio-8081-exec-2] INFO  c.m.c.services.CustomerServiceImpl - Customer Customer(id=1, name=bill, address=mumbai, emailid=bill@gmail.com, contactNumber=9876543210, requirements=null) created
2022-07-06_11-39-42 [http-nio-8081-exec-10] INFO  c.m.c.services.CustomerServiceImpl - Customers: [Customer(id=1, name=bill, address=mumbai, emailid=bill@gmail.com, contactNumber=9876543210, requirements=[])]
2022-07-06_11-39-42 [http-nio-8081-exec-6] INFO  c.m.c.services.CustomerServiceImpl - Requirement with id 1 assigned to customer with id 1
2022-07-06_11-39-42 [http-nio-8081-exec-7] INFO  c.m.c.services.CustomerServiceImpl - Customer: Customer(id=1, name=bill, address=mumbai, emailid=bill@gmail.com, contactNumber=9876543210, requirements=[Requirement(id=1, propertyType=villa, locality=Hyderabad, budget=1000000.0)])
2022-07-06_11-39-42 [RMI TCP Connection(2)-127.0.0.1] INFO  o.s.b.a.SpringApplicationAdminMXBeanRegistrar$SpringApplicationAdmin - Application shutdown requested.
2022-07-06_11-39-42 [RMI TCP Connection(2)-127.0.0.1] INFO  o.s.o.j.LocalContainerEntityManagerFactoryBean - Closing JPA EntityManagerFactory for persistence unit 'default'
2022-07-06_11-39-42 [RMI TCP Connection(2)-127.0.0.1] INFO  com.zaxxer.hikari.HikariDataSource - HikariPool-1 - Shutdown initiated...
2022-07-06_11-39-42 [RMI TCP Connection(2)-127.0.0.1] INFO  com.zaxxer.hikari.HikariDataSource - HikariPool-1 - Shutdown completed.
