2022-07-04_16-30-30 [restartedMain] INFO  c.m.c.CustomerMicroserviceApplication - Starting CustomerMicroserviceApplication using Java 17.0.2 on VAMSI with PID 9456 (C:\Users\Lenovo\git\MFPE\Customer-Microservice\target\classes started by Lenovo in C:\Users\Lenovo\git\MFPE\Customer-Microservice)
2022-07-04_16-30-30 [restartedMain] INFO  c.m.c.CustomerMicroserviceApplication - No active profile set, falling back to 1 default profile: "default"
2022-07-04_16-30-30 [restartedMain] INFO  o.s.b.d.e.DevToolsPropertyDefaultsPostProcessor - Devtools property defaults active! Set 'spring.devtools.add-properties' to 'false' to disable
2022-07-04_16-30-30 [restartedMain] INFO  o.s.b.d.e.DevToolsPropertyDefaultsPostProcessor - For additional web related logging consider setting the 'logging.level.web' property to 'DEBUG'
2022-07-04_16-30-30 [restartedMain] INFO  o.s.d.r.c.RepositoryConfigurationDelegate - Bootstrapping Spring Data JPA repositories in DEFAULT mode.
2022-07-04_16-30-30 [restartedMain] INFO  o.s.d.r.c.RepositoryConfigurationDelegate - Finished Spring Data repository scanning in 50 ms. Found 2 JPA repository interfaces.
2022-07-04_16-30-30 [restartedMain] INFO  o.s.cloud.context.scope.GenericScope - BeanFactory id=8b80bfa6-2773-367d-ab04-04f9e051c46a
2022-07-04_16-30-30 [restartedMain] INFO  o.s.b.w.e.tomcat.TomcatWebServer - Tomcat initialized with port(s): 8081 (http)
2022-07-04_16-30-30 [restartedMain] INFO  o.a.coyote.http11.Http11NioProtocol - Initializing ProtocolHandler ["http-nio-8081"]
2022-07-04_16-30-30 [restartedMain] INFO  o.a.catalina.core.StandardService - Starting service [Tomcat]
2022-07-04_16-30-30 [restartedMain] INFO  o.a.catalina.core.StandardEngine - Starting Servlet engine: [Apache Tomcat/9.0.64]
2022-07-04_16-30-30 [restartedMain] INFO  o.a.c.c.C.[.[localhost].[/customer] - Initializing Spring embedded WebApplicationContext
2022-07-04_16-30-30 [restartedMain] INFO  o.s.b.w.s.c.ServletWebServerApplicationContext - Root WebApplicationContext: initialization completed in 3017 ms
2022-07-04_16-30-30 [restartedMain] INFO  com.zaxxer.hikari.HikariDataSource - HikariPool-1 - Starting...
2022-07-04_16-30-30 [restartedMain] INFO  com.zaxxer.hikari.HikariDataSource - HikariPool-1 - Start completed.
2022-07-04_16-30-30 [restartedMain] INFO  o.s.b.a.h.H2ConsoleAutoConfiguration - H2 console available at '/h2-console'. Database available at 'jdbc:h2:mem:testdb'
2022-07-04_16-30-30 [restartedMain] INFO  o.s.o.j.LocalContainerEntityManagerFactoryBean - Initialized JPA EntityManagerFactory for persistence unit 'default'
2022-07-04_16-30-30 [restartedMain] INFO  o.a.coyote.http11.Http11NioProtocol - Starting ProtocolHandler ["http-nio-8081"]
2022-07-04_16-30-30 [restartedMain] INFO  o.s.b.w.e.tomcat.TomcatWebServer - Tomcat started on port(s): 8081 (http) with context path '/customer'
2022-07-04_16-30-30 [restartedMain] INFO  c.m.c.CustomerMicroserviceApplication - Started CustomerMicroserviceApplication in 8.977 seconds (JVM running for 10.577)
2022-07-04_16-30-30 [http-nio-8081-exec-2] INFO  o.a.c.c.C.[.[localhost].[/customer] - Initializing Spring DispatcherServlet 'dispatcherServlet'
2022-07-04_16-30-30 [http-nio-8081-exec-2] INFO  o.s.web.servlet.DispatcherServlet - Initializing Servlet 'dispatcherServlet'
2022-07-04_16-30-30 [http-nio-8081-exec-2] INFO  o.s.web.servlet.DispatcherServlet - Completed initialization in 2 ms
2022-07-04_16-30-30 [http-nio-8081-exec-9] INFO  c.m.c.services.CustomerServiceImpl - Customers: []
2022-07-04_16-30-30 [http-nio-8081-exec-9] INFO  c.m.c.services.CustomerServiceImpl - Customer Customer(id=1, name=david, address=mumbai, emailid=david@gmail.com, contactNumber=9876543210, requirements=null) created
2022-07-04_16-30-30 [http-nio-8081-exec-5] INFO  c.m.c.services.CustomerServiceImpl - Customers: [Customer(id=1, name=david, address=mumbai, emailid=david@gmail.com, contactNumber=9876543210, requirements=[])]
2022-07-04_16-30-30 [http-nio-8081-exec-2] INFO  c.m.c.services.CustomerServiceImpl - Requirements: [Requirement(id=1, propertyType=villa, locality=Hyderabad, budget=1000000.0), Requirement(id=2, propertyType=flat, locality=Mumbai, budget=1500000.0), Requirement(id=3, propertyType=duplex, locality=Delhi, budget=2000000.0)]
2022-07-04_16-30-30 [http-nio-8081-exec-10] INFO  c.m.c.services.CustomerServiceImpl - Customers: [Customer(id=1, name=david, address=mumbai, emailid=david@gmail.com, contactNumber=9876543210, requirements=[])]
2022-07-04_16-30-30 [http-nio-8081-exec-4] INFO  c.m.c.services.CustomerServiceImpl - Customer: Customer(id=1, name=david, address=mumbai, emailid=david@gmail.com, contactNumber=9876543210, requirements=[])
2022-07-04_16-30-30 [http-nio-8081-exec-6] INFO  c.m.c.services.CustomerServiceImpl - Customer: Customer(id=1, name=david, address=mumbai, emailid=david@gmail.com, contactNumber=9876543210, requirements=[])
2022-07-04_16-30-30 [http-nio-8081-exec-1] INFO  c.m.c.services.CustomerServiceImpl - Requirement with id 1 assigned to customer with id 1
2022-07-04_16-30-30 [http-nio-8081-exec-2] INFO  c.m.c.services.CustomerServiceImpl - Customer: Customer(id=1, name=david, address=mumbai, emailid=david@gmail.com, contactNumber=9876543210, requirements=[Requirement(id=1, propertyType=villa, locality=Hyderabad, budget=1000000.0)])
2022-07-04_16-30-30 [http-nio-8081-exec-3] INFO  c.m.c.services.CustomerServiceImpl - Requirements: [Requirement(id=1, propertyType=villa, locality=Hyderabad, budget=1000000.0), Requirement(id=2, propertyType=flat, locality=Mumbai, budget=1500000.0), Requirement(id=3, propertyType=duplex, locality=Delhi, budget=2000000.0)]
2022-07-04_16-30-30 [http-nio-8081-exec-9] INFO  c.m.c.services.CustomerServiceImpl - Customers: [Customer(id=1, name=david, address=mumbai, emailid=david@gmail.com, contactNumber=9876543210, requirements=[Requirement(id=1, propertyType=villa, locality=Hyderabad, budget=1000000.0)])]
2022-07-04_16-30-30 [http-nio-8081-exec-1] INFO  c.m.c.services.CustomerServiceImpl - Customer: Customer(id=1, name=david, address=mumbai, emailid=david@gmail.com, contactNumber=9876543210, requirements=[Requirement(id=1, propertyType=villa, locality=Hyderabad, budget=1000000.0)])
2022-07-04_16-30-30 [http-nio-8081-exec-2] INFO  c.m.c.services.CustomerServiceImpl - Customer: Customer(id=1, name=david, address=mumbai, emailid=david@gmail.com, contactNumber=9876543210, requirements=[Requirement(id=1, propertyType=villa, locality=Hyderabad, budget=1000000.0)])
2022-07-04_16-30-30 [http-nio-8081-exec-3] INFO  c.m.c.services.CustomerServiceImpl - Customers: [Customer(id=1, name=david, address=mumbai, emailid=david@gmail.com, contactNumber=9876543210, requirements=[Requirement(id=1, propertyType=villa, locality=Hyderabad, budget=1000000.0)])]
2022-07-04_16-30-30 [http-nio-8081-exec-9] INFO  c.m.c.services.CustomerServiceImpl - Customer: Customer(id=1, name=david, address=mumbai, emailid=david@gmail.com, contactNumber=9876543210, requirements=[Requirement(id=1, propertyType=villa, locality=Hyderabad, budget=1000000.0)])
2022-07-04_16-30-30 [RMI TCP Connection(18)-127.0.0.1] INFO  o.s.b.a.SpringApplicationAdminMXBeanRegistrar$SpringApplicationAdmin - Application shutdown requested.
2022-07-04_16-30-30 [RMI TCP Connection(18)-127.0.0.1] INFO  o.s.o.j.LocalContainerEntityManagerFactoryBean - Closing JPA EntityManagerFactory for persistence unit 'default'
2022-07-04_16-30-30 [RMI TCP Connection(18)-127.0.0.1] INFO  com.zaxxer.hikari.HikariDataSource - HikariPool-1 - Shutdown initiated...
2022-07-04_16-30-30 [RMI TCP Connection(18)-127.0.0.1] INFO  com.zaxxer.hikari.HikariDataSource - HikariPool-1 - Shutdown completed.
2022-07-04_16-44-24 [main] INFO  c.m.c.services.CustomerServiceImpl - Requirements: []
2022-07-04_16-44-24 [main] INFO  c.m.c.services.CustomerServiceImpl - Requirement with id 1 assigned to customer with id 1
2022-07-04_16-44-24 [main] INFO  c.m.c.services.CustomerServiceImpl - Customers: []
2022-07-04_16-44-24 [main] INFO  c.m.c.services.CustomerServiceImpl - Customer: Customer(id=1, name=ABCD, address=VVIP Mall, emailid=test@example.com, contactNumber=987654321, requirements=[Requirement(id=0, propertyType=null, locality=null, budget=0.0)])
2022-07-04_16-44-24 [main] INFO  c.m.c.services.CustomerServiceImpl - Customers: []
2022-07-04_16-44-24 [main] INFO  c.m.c.services.CustomerServiceImpl - Customers: [Customer(id=1, name=ABCD, address=VVIP Mall, emailid=test@example.com, contactNumber=987654321, requirements=[Requirement(id=0, propertyType=null, locality=null, budget=0.0)])]
2022-07-04_16-44-24 [main] INFO  c.m.c.services.CustomerServiceImpl - Customer: null
2022-07-04_16-44-24 [main] INFO  c.m.c.services.CustomerServiceImpl - Customers: []
2022-07-04_16-44-24 [main] INFO  c.m.c.services.CustomerServiceImpl - Customer Customer(id=1, name=ABCD, address=VVIP Mall, emailid=test@example.com, contactNumber=987654321, requirements=[Requirement(id=0, propertyType=null, locality=null, budget=0.0)]) created
2022-07-04_16-44-24 [main] INFO  c.m.c.services.CustomerServiceImpl - Properties: []
2022-07-04_16-44-24 [main] INFO  o.s.b.t.c.SpringBootTestContextBootstrapper - Neither @ContextConfiguration nor @ContextHierarchy found for test class [cts.mfpe.customer.CustomerMicroserviceApplicationTests], using SpringBootContextLoader
2022-07-04_16-44-24 [main] INFO  o.s.t.c.s.AbstractContextLoader - Could not detect default resource locations for test class [cts.mfpe.customer.CustomerMicroserviceApplicationTests]: no resource found for suffixes {-context.xml, Context.groovy}.
2022-07-04_16-44-24 [main] INFO  o.s.t.c.s.AnnotationConfigContextLoaderUtils - Could not detect default configuration classes for test class [cts.mfpe.customer.CustomerMicroserviceApplicationTests]: CustomerMicroserviceApplicationTests does not declare any static, non-private, non-final, nested classes annotated with @Configuration.
2022-07-04_16-44-24 [main] INFO  o.s.b.t.c.SpringBootTestContextBootstrapper - Found @SpringBootConfiguration cts.mfpe.customer.CustomerMicroserviceApplication for test class cts.mfpe.customer.CustomerMicroserviceApplicationTests
2022-07-04_16-44-24 [main] INFO  o.s.b.t.c.SpringBootTestContextBootstrapper - Loaded default TestExecutionListener class names from location [META-INF/spring.factories]: [org.springframework.boot.test.mock.mockito.MockitoTestExecutionListener, org.springframework.boot.test.mock.mockito.ResetMocksTestExecutionListener, org.springframework.boot.test.autoconfigure.restdocs.RestDocsTestExecutionListener, org.springframework.boot.test.autoconfigure.web.client.MockRestServiceServerResetTestExecutionListener, org.springframework.boot.test.autoconfigure.web.servlet.MockMvcPrintOnlyOnFailureTestExecutionListener, org.springframework.boot.test.autoconfigure.web.servlet.WebDriverTestExecutionListener, org.springframework.boot.test.autoconfigure.webservices.client.MockWebServiceServerTestExecutionListener, org.springframework.test.context.web.ServletTestExecutionListener, org.springframework.test.context.support.DirtiesContextBeforeModesTestExecutionListener, org.springframework.test.context.event.ApplicationEventsTestExecutionListener, org.springframework.test.context.support.DependencyInjectionTestExecutionListener, org.springframework.test.context.support.DirtiesContextTestExecutionListener, org.springframework.test.context.transaction.TransactionalTestExecutionListener, org.springframework.test.context.jdbc.SqlScriptsTestExecutionListener, org.springframework.test.context.event.EventPublishingTestExecutionListener]
2022-07-04_16-44-24 [main] INFO  o.s.b.t.c.SpringBootTestContextBootstrapper - Using TestExecutionListeners: [org.springframework.test.context.web.ServletTestExecutionListener@18513c23, org.springframework.test.context.support.DirtiesContextBeforeModesTestExecutionListener@6be50b35, org.springframework.test.context.event.ApplicationEventsTestExecutionListener@ce2eaa7, org.springframework.boot.test.mock.mockito.MockitoTestExecutionListener@2166c48a, org.springframework.boot.test.autoconfigure.SpringBootDependencyInjectionTestExecutionListener@304744a1, org.springframework.test.context.support.DirtiesContextTestExecutionListener@73385d3f, org.springframework.test.context.transaction.TransactionalTestExecutionListener@6814262d, org.springframework.test.context.jdbc.SqlScriptsTestExecutionListener@7fc1fd31, org.springframework.test.context.event.EventPublishingTestExecutionListener@75a9cc24, org.springframework.boot.test.mock.mockito.ResetMocksTestExecutionListener@4449a60b, org.springframework.boot.test.autoconfigure.restdocs.RestDocsTestExecutionListener@da5d5e1, org.springframework.boot.test.autoconfigure.web.client.MockRestServiceServerResetTestExecutionListener@7d7d8911, org.springframework.boot.test.autoconfigure.web.servlet.MockMvcPrintOnlyOnFailureTestExecutionListener@460eb276, org.springframework.boot.test.autoconfigure.web.servlet.WebDriverTestExecutionListener@4ffe3d42, org.springframework.boot.test.autoconfigure.webservices.client.MockWebServiceServerTestExecutionListener@6cd7f381]
2022-07-04_16-44-27 [main] INFO  c.m.c.CustomerMicroserviceApplicationTests - Starting CustomerMicroserviceApplicationTests using Java 17.0.2 on VAMSI with PID 9484 (started by Lenovo in C:\Users\Lenovo\git\MFPE\Customer-Microservice)
2022-07-04_16-44-27 [main] INFO  c.m.c.CustomerMicroserviceApplicationTests - No active profile set, falling back to 1 default profile: "default"
2022-07-04_16-44-27 [main] INFO  o.s.d.r.c.RepositoryConfigurationDelegate - Bootstrapping Spring Data JPA repositories in DEFAULT mode.
2022-07-04_16-44-27 [main] INFO  o.s.d.r.c.RepositoryConfigurationDelegate - Finished Spring Data repository scanning in 109 ms. Found 2 JPA repository interfaces.
2022-07-04_16-44-27 [main] INFO  o.s.cloud.context.scope.GenericScope - BeanFactory id=7e7ce61a-4f76-3823-b65b-d37745eac6b5
2022-07-04_16-44-27 [main] INFO  com.zaxxer.hikari.HikariDataSource - HikariPool-1 - Starting...
2022-07-04_16-44-27 [main] INFO  com.zaxxer.hikari.HikariDataSource - HikariPool-1 - Start completed.
2022-07-04_16-44-27 [main] INFO  o.s.o.j.LocalContainerEntityManagerFactoryBean - Initialized JPA EntityManagerFactory for persistence unit 'default'
2022-07-04_16-44-27 [main] INFO  o.s.b.a.h.H2ConsoleAutoConfiguration - H2 console available at '/h2-console'. Database available at 'jdbc:h2:mem:testdb'
2022-07-04_16-44-27 [main] INFO  c.m.c.CustomerMicroserviceApplicationTests - Started CustomerMicroserviceApplicationTests in 15.062 seconds (JVM running for 22.922)
2022-07-04_16-44-27 [SpringApplicationShutdownHook] INFO  o.s.o.j.LocalContainerEntityManagerFactoryBean - Closing JPA EntityManagerFactory for persistence unit 'default'
2022-07-04_16-44-27 [SpringApplicationShutdownHook] INFO  com.zaxxer.hikari.HikariDataSource - HikariPool-1 - Shutdown initiated...
2022-07-04_16-44-27 [SpringApplicationShutdownHook] INFO  com.zaxxer.hikari.HikariDataSource - HikariPool-1 - Shutdown completed.
