2022-07-05_13-42-00 [restartedMain] INFO  c.m.c.CustomerMicroserviceApplication - Starting CustomerMicroserviceApplication using Java 17.0.2 on VAMSI with PID 5036 (C:\Users\Lenovo\git\MFPE\Customer-Microservice\target\classes started by Lenovo in C:\Users\Lenovo\git\MFPE\Customer-Microservice)
2022-07-05_13-42-00 [restartedMain] INFO  c.m.c.CustomerMicroserviceApplication - No active profile set, falling back to 1 default profile: "default"
2022-07-05_13-42-00 [restartedMain] INFO  o.s.b.d.e.DevToolsPropertyDefaultsPostProcessor - Devtools property defaults active! Set 'spring.devtools.add-properties' to 'false' to disable
2022-07-05_13-42-00 [restartedMain] INFO  o.s.b.d.e.DevToolsPropertyDefaultsPostProcessor - For additional web related logging consider setting the 'logging.level.web' property to 'DEBUG'
2022-07-05_13-42-00 [restartedMain] INFO  o.s.d.r.c.RepositoryConfigurationDelegate - Bootstrapping Spring Data JPA repositories in DEFAULT mode.
2022-07-05_13-42-00 [restartedMain] INFO  o.s.d.r.c.RepositoryConfigurationDelegate - Finished Spring Data repository scanning in 142 ms. Found 2 JPA repository interfaces.
2022-07-05_13-42-00 [restartedMain] INFO  o.s.cloud.context.scope.GenericScope - BeanFactory id=8b80bfa6-2773-367d-ab04-04f9e051c46a
2022-07-05_13-42-00 [restartedMain] INFO  o.s.b.w.e.tomcat.TomcatWebServer - Tomcat initialized with port(s): 8081 (http)
2022-07-05_13-42-00 [restartedMain] INFO  o.a.coyote.http11.Http11NioProtocol - Initializing ProtocolHandler ["http-nio-8081"]
2022-07-05_13-42-00 [restartedMain] INFO  o.a.catalina.core.StandardService - Starting service [Tomcat]
2022-07-05_13-42-00 [restartedMain] INFO  o.a.catalina.core.StandardEngine - Starting Servlet engine: [Apache Tomcat/9.0.64]
2022-07-05_13-42-00 [restartedMain] INFO  o.a.c.c.C.[.[localhost].[/customer] - Initializing Spring embedded WebApplicationContext
2022-07-05_13-42-00 [restartedMain] INFO  o.s.b.w.s.c.ServletWebServerApplicationContext - Root WebApplicationContext: initialization completed in 8492 ms
2022-07-05_13-42-00 [restartedMain] INFO  com.zaxxer.hikari.HikariDataSource - HikariPool-1 - Starting...
2022-07-05_13-42-00 [restartedMain] INFO  com.zaxxer.hikari.HikariDataSource - HikariPool-1 - Start completed.
2022-07-05_13-42-00 [restartedMain] INFO  o.s.b.a.h.H2ConsoleAutoConfiguration - H2 console available at '/h2-console'. Database available at 'jdbc:h2:mem:testdb'
2022-07-05_13-42-00 [restartedMain] INFO  o.s.o.j.LocalContainerEntityManagerFactoryBean - Initialized JPA EntityManagerFactory for persistence unit 'default'
2022-07-05_13-42-00 [restartedMain] INFO  o.a.coyote.http11.Http11NioProtocol - Starting ProtocolHandler ["http-nio-8081"]
2022-07-05_13-42-00 [restartedMain] INFO  o.s.b.w.e.tomcat.TomcatWebServer - Tomcat started on port(s): 8081 (http) with context path '/customer'
2022-07-05_13-42-00 [restartedMain] INFO  c.m.c.CustomerMicroserviceApplication - Started CustomerMicroserviceApplication in 18.286 seconds (JVM running for 31.609)
2022-07-05_13-42-00 [http-nio-8081-exec-10] INFO  o.a.c.c.C.[.[localhost].[/customer] - Initializing Spring DispatcherServlet 'dispatcherServlet'
2022-07-05_13-42-00 [http-nio-8081-exec-10] INFO  o.s.web.servlet.DispatcherServlet - Initializing Servlet 'dispatcherServlet'
2022-07-05_13-42-00 [http-nio-8081-exec-10] INFO  o.s.web.servlet.DispatcherServlet - Completed initialization in 5951 ms
2022-07-05_13-42-00 [http-nio-8081-exec-10] INFO  c.m.c.services.CustomerServiceImpl - Customers: []
2022-07-05_13-42-00 [http-nio-8081-exec-10] INFO  c.m.c.services.CustomerServiceImpl - Customer Customer(id=1, name=david, address=mumbai, emailid=david@gmail.com, contactNumber=9876543210, requirements=null) created
2022-07-05_13-42-00 [http-nio-8081-exec-7] INFO  c.m.c.services.CustomerServiceImpl - Requirement with id 1 assigned to customer with id 1
2022-07-05_13-42-00 [http-nio-8081-exec-9] INFO  c.m.c.services.CustomerServiceImpl - Customer: Customer(id=1, name=david, address=mumbai, emailid=david@gmail.com, contactNumber=9876543210, requirements=[Requirement(id=1, propertyType=villa, locality=Hyderabad, budget=1000000.0)])
2022-07-05_13-42-00 [http-nio-8081-exec-4] INFO  c.m.c.services.CustomerServiceImpl - Customers: [Customer(id=1, name=david, address=mumbai, emailid=david@gmail.com, contactNumber=9876543210, requirements=[Requirement(id=1, propertyType=villa, locality=Hyderabad, budget=1000000.0)])]
2022-07-05_13-42-00 [http-nio-8081-exec-5] INFO  c.m.c.services.CustomerServiceImpl - Requirements: [Requirement(id=1, propertyType=villa, locality=Hyderabad, budget=1000000.0), Requirement(id=2, propertyType=flat, locality=Mumbai, budget=1500000.0), Requirement(id=3, propertyType=duplex, locality=Delhi, budget=2000000.0)]
2022-07-05_13-42-00 [http-nio-8081-exec-6] INFO  c.m.c.services.CustomerServiceImpl - Properties: [Property(id=1, propertyType=villa, locality=Hyderabad, budget=1000000.0), Property(id=2, propertyType=flat, locality=Mumbai, budget=1500000.0), Property(id=3, propertyType=duplex, locality=Delhi, budget=2000000.0), Property(id=4, propertyType=villa, locality=mumbai, budget=19800.0), Property(id=5, propertyType=flat, locality=delhi, budget=19800.0), Property(id=6, propertyType=flat, locality=delhi, budget=19800.0), Property(id=7, propertyType=villa, locality=mumbai, budget=12345.0), Property(id=8, propertyType=villa, locality=hyd, budget=12345.0)]
2022-07-05_13-42-00 [http-nio-8081-exec-9] INFO  c.m.c.services.CustomerServiceImpl - Customer: Customer(id=1, name=david, address=mumbai, emailid=david@gmail.com, contactNumber=9876543210, requirements=[Requirement(id=1, propertyType=villa, locality=Hyderabad, budget=1000000.0)])
2022-07-05_13-42-00 [http-nio-8081-exec-3] INFO  c.m.c.services.CustomerServiceImpl - Customer: Customer(id=1, name=david, address=mumbai, emailid=david@gmail.com, contactNumber=9876543210, requirements=[Requirement(id=1, propertyType=villa, locality=Hyderabad, budget=1000000.0)])
2022-07-05_13-42-00 [http-nio-8081-exec-2] INFO  c.m.c.services.CustomerServiceImpl - Customers: [Customer(id=1, name=david, address=mumbai, emailid=david@gmail.com, contactNumber=9876543210, requirements=[Requirement(id=1, propertyType=villa, locality=Hyderabad, budget=1000000.0)])]
2022-07-05_13-42-00 [http-nio-8081-exec-5] INFO  c.m.c.services.CustomerServiceImpl - Customers: [Customer(id=1, name=david, address=mumbai, emailid=david@gmail.com, contactNumber=9876543210, requirements=[Requirement(id=1, propertyType=villa, locality=Hyderabad, budget=1000000.0)])]
2022-07-05_13-42-00 [http-nio-8081-exec-6] INFO  c.m.c.services.CustomerServiceImpl - Requirements: [Requirement(id=1, propertyType=villa, locality=Hyderabad, budget=1000000.0), Requirement(id=2, propertyType=flat, locality=Mumbai, budget=1500000.0), Requirement(id=3, propertyType=duplex, locality=Delhi, budget=2000000.0)]
2022-07-05_13-42-00 [http-nio-8081-exec-10] INFO  c.m.c.services.CustomerServiceImpl - Properties: [Property(id=1, propertyType=villa, locality=Hyderabad, budget=1000000.0), Property(id=2, propertyType=flat, locality=Mumbai, budget=1500000.0), Property(id=3, propertyType=duplex, locality=Delhi, budget=2000000.0), Property(id=4, propertyType=villa, locality=mumbai, budget=19800.0), Property(id=5, propertyType=flat, locality=delhi, budget=19800.0), Property(id=6, propertyType=flat, locality=delhi, budget=19800.0), Property(id=7, propertyType=villa, locality=mumbai, budget=12345.0), Property(id=8, propertyType=villa, locality=hyd, budget=12345.0)]
2022-07-05_13-42-00 [http-nio-8081-exec-4] INFO  c.m.c.services.CustomerServiceImpl - Customer: Customer(id=1, name=david, address=mumbai, emailid=david@gmail.com, contactNumber=9876543210, requirements=[Requirement(id=1, propertyType=villa, locality=Hyderabad, budget=1000000.0)])
2022-07-05_13-42-00 [http-nio-8081-exec-7] INFO  c.m.c.services.CustomerServiceImpl - Customers: [Customer(id=1, name=david, address=mumbai, emailid=david@gmail.com, contactNumber=9876543210, requirements=[Requirement(id=1, propertyType=villa, locality=Hyderabad, budget=1000000.0)])]
2022-07-05_13-42-00 [http-nio-8081-exec-5] INFO  c.m.c.services.CustomerServiceImpl - Requirements: [Requirement(id=1, propertyType=villa, locality=Hyderabad, budget=1000000.0), Requirement(id=2, propertyType=flat, locality=Mumbai, budget=1500000.0), Requirement(id=3, propertyType=duplex, locality=Delhi, budget=2000000.0)]
2022-07-05_13-42-00 [http-nio-8081-exec-1] INFO  c.m.c.services.CustomerServiceImpl - Properties: [Property(id=1, propertyType=villa, locality=Hyderabad, budget=1000000.0), Property(id=2, propertyType=flat, locality=Mumbai, budget=1500000.0), Property(id=3, propertyType=duplex, locality=Delhi, budget=2000000.0), Property(id=4, propertyType=villa, locality=mumbai, budget=19800.0), Property(id=5, propertyType=flat, locality=delhi, budget=19800.0), Property(id=6, propertyType=flat, locality=delhi, budget=19800.0), Property(id=7, propertyType=villa, locality=mumbai, budget=12345.0), Property(id=8, propertyType=villa, locality=hyd, budget=12345.0)]
2022-07-05_13-42-00 [http-nio-8081-exec-4] INFO  c.m.c.services.CustomerServiceImpl - Customers: [Customer(id=1, name=david, address=mumbai, emailid=david@gmail.com, contactNumber=9876543210, requirements=[Requirement(id=1, propertyType=villa, locality=Hyderabad, budget=1000000.0)])]
2022-07-05_13-42-00 [http-nio-8081-exec-2] INFO  c.m.c.services.CustomerServiceImpl - Customer: Customer(id=1, name=david, address=mumbai, emailid=david@gmail.com, contactNumber=9876543210, requirements=[Requirement(id=1, propertyType=villa, locality=Hyderabad, budget=1000000.0)])
2022-07-05_13-42-00 [http-nio-8081-exec-7] INFO  c.m.c.services.CustomerServiceImpl - Customers: [Customer(id=1, name=david, address=mumbai, emailid=david@gmail.com, contactNumber=9876543210, requirements=[Requirement(id=1, propertyType=villa, locality=Hyderabad, budget=1000000.0)])]
2022-07-05_13-42-00 [http-nio-8081-exec-6] INFO  c.m.c.services.CustomerServiceImpl - Customer: Customer(id=1, name=david, address=mumbai, emailid=david@gmail.com, contactNumber=9876543210, requirements=[Requirement(id=1, propertyType=villa, locality=Hyderabad, budget=1000000.0)])
2022-07-05_13-42-00 [http-nio-8081-exec-5] INFO  c.m.c.services.CustomerServiceImpl - Customer: Customer(id=1, name=david, address=mumbai, emailid=david@gmail.com, contactNumber=9876543210, requirements=[Requirement(id=1, propertyType=villa, locality=Hyderabad, budget=1000000.0)])
2022-07-05_13-42-00 [http-nio-8081-exec-1] INFO  c.m.c.services.CustomerServiceImpl - Customer: Customer(id=1, name=david, address=mumbai, emailid=david@gmail.com, contactNumber=9876543210, requirements=[Requirement(id=1, propertyType=villa, locality=Hyderabad, budget=1000000.0)])
2022-07-05_13-42-00 [http-nio-8081-exec-4] INFO  c.m.c.services.CustomerServiceImpl - Customer: Customer(id=1, name=david, address=mumbai, emailid=david@gmail.com, contactNumber=9876543210, requirements=[Requirement(id=1, propertyType=villa, locality=Hyderabad, budget=1000000.0)])
2022-07-05_13-42-00 [http-nio-8081-exec-2] INFO  c.m.c.services.CustomerServiceImpl - Customer: Customer(id=1, name=david, address=mumbai, emailid=david@gmail.com, contactNumber=9876543210, requirements=[Requirement(id=1, propertyType=villa, locality=Hyderabad, budget=1000000.0)])
2022-07-05_13-42-00 [RMI TCP Connection(116)-127.0.0.1] INFO  o.s.b.a.SpringApplicationAdminMXBeanRegistrar$SpringApplicationAdmin - Application shutdown requested.
2022-07-05_13-42-00 [RMI TCP Connection(117)-127.0.0.1] INFO  o.s.b.a.SpringApplicationAdminMXBeanRegistrar$SpringApplicationAdmin - Application shutdown requested.
2022-07-05_13-42-00 [RMI TCP Connection(113)-127.0.0.1] INFO  o.s.b.a.SpringApplicationAdminMXBeanRegistrar$SpringApplicationAdmin - Application shutdown requested.
2022-07-05_13-42-00 [RMI TCP Connection(114)-127.0.0.1] INFO  o.s.b.a.SpringApplicationAdminMXBeanRegistrar$SpringApplicationAdmin - Application shutdown requested.
2022-07-05_13-42-00 [RMI TCP Connection(115)-127.0.0.1] INFO  o.s.b.a.SpringApplicationAdminMXBeanRegistrar$SpringApplicationAdmin - Application shutdown requested.
2022-07-05_13-42-00 [RMI TCP Connection(118)-127.0.0.1] INFO  o.s.b.a.SpringApplicationAdminMXBeanRegistrar$SpringApplicationAdmin - Application shutdown requested.
2022-07-05_13-42-00 [RMI TCP Connection(116)-127.0.0.1] INFO  o.s.o.j.LocalContainerEntityManagerFactoryBean - Closing JPA EntityManagerFactory for persistence unit 'default'
2022-07-05_13-42-00 [RMI TCP Connection(116)-127.0.0.1] INFO  com.zaxxer.hikari.HikariDataSource - HikariPool-1 - Shutdown initiated...
2022-07-05_13-42-00 [RMI TCP Connection(116)-127.0.0.1] INFO  com.zaxxer.hikari.HikariDataSource - HikariPool-1 - Shutdown completed.
2022-07-05_15-48-05 [restartedMain] INFO  c.m.c.CustomerMicroserviceApplication - Starting CustomerMicroserviceApplication using Java 17.0.2 on VAMSI with PID 7056 (C:\Users\Lenovo\git\MFPE\Customer-Microservice\target\classes started by Lenovo in C:\Users\Lenovo\git\MFPE\Customer-Microservice)
2022-07-05_15-48-05 [restartedMain] INFO  c.m.c.CustomerMicroserviceApplication - No active profile set, falling back to 1 default profile: "default"
2022-07-05_15-48-05 [restartedMain] INFO  o.s.b.d.e.DevToolsPropertyDefaultsPostProcessor - Devtools property defaults active! Set 'spring.devtools.add-properties' to 'false' to disable
2022-07-05_15-48-05 [restartedMain] INFO  o.s.b.d.e.DevToolsPropertyDefaultsPostProcessor - For additional web related logging consider setting the 'logging.level.web' property to 'DEBUG'
2022-07-05_15-48-05 [restartedMain] INFO  o.s.d.r.c.RepositoryConfigurationDelegate - Bootstrapping Spring Data JPA repositories in DEFAULT mode.
2022-07-05_15-48-05 [restartedMain] INFO  o.s.d.r.c.RepositoryConfigurationDelegate - Finished Spring Data repository scanning in 92 ms. Found 2 JPA repository interfaces.
2022-07-05_15-48-05 [restartedMain] INFO  o.s.cloud.context.scope.GenericScope - BeanFactory id=8b80bfa6-2773-367d-ab04-04f9e051c46a
2022-07-05_15-48-05 [restartedMain] INFO  o.s.b.w.e.tomcat.TomcatWebServer - Tomcat initialized with port(s): 8081 (http)
2022-07-05_15-48-05 [restartedMain] INFO  o.a.coyote.http11.Http11NioProtocol - Initializing ProtocolHandler ["http-nio-8081"]
2022-07-05_15-48-05 [restartedMain] INFO  o.a.catalina.core.StandardService - Starting service [Tomcat]
2022-07-05_15-48-05 [restartedMain] INFO  o.a.catalina.core.StandardEngine - Starting Servlet engine: [Apache Tomcat/9.0.64]
2022-07-05_15-48-05 [restartedMain] INFO  o.a.c.c.C.[.[localhost].[/customer] - Initializing Spring embedded WebApplicationContext
2022-07-05_15-48-05 [restartedMain] INFO  o.s.b.w.s.c.ServletWebServerApplicationContext - Root WebApplicationContext: initialization completed in 4523 ms
2022-07-05_15-48-05 [restartedMain] INFO  com.zaxxer.hikari.HikariDataSource - HikariPool-1 - Starting...
2022-07-05_15-48-05 [restartedMain] INFO  com.zaxxer.hikari.HikariDataSource - HikariPool-1 - Start completed.
2022-07-05_15-48-05 [restartedMain] INFO  o.s.b.a.h.H2ConsoleAutoConfiguration - H2 console available at '/h2-console'. Database available at 'jdbc:h2:mem:testdb'
2022-07-05_15-48-05 [restartedMain] INFO  o.s.o.j.LocalContainerEntityManagerFactoryBean - Initialized JPA EntityManagerFactory for persistence unit 'default'
2022-07-05_15-48-05 [restartedMain] INFO  o.a.coyote.http11.Http11NioProtocol - Starting ProtocolHandler ["http-nio-8081"]
2022-07-05_15-48-05 [restartedMain] INFO  o.s.b.w.e.tomcat.TomcatWebServer - Tomcat started on port(s): 8081 (http) with context path '/customer'
2022-07-05_15-48-05 [restartedMain] INFO  c.m.c.CustomerMicroserviceApplication - Started CustomerMicroserviceApplication in 14.133 seconds (JVM running for 16.405)
2022-07-05_15-48-05 [http-nio-8081-exec-1] INFO  o.a.c.c.C.[.[localhost].[/customer] - Initializing Spring DispatcherServlet 'dispatcherServlet'
2022-07-05_15-48-05 [http-nio-8081-exec-1] INFO  o.s.web.servlet.DispatcherServlet - Initializing Servlet 'dispatcherServlet'
2022-07-05_15-48-05 [http-nio-8081-exec-1] INFO  o.s.web.servlet.DispatcherServlet - Completed initialization in 173 ms
2022-07-05_15-48-05 [http-nio-8081-exec-7] INFO  c.m.c.services.CustomerServiceImpl - Customers: []
2022-07-05_15-48-05 [http-nio-8081-exec-7] INFO  c.m.c.services.CustomerServiceImpl - Customer Customer(id=1, name=david, address=mumbai, emailid=david@gmail.com, contactNumber=9876543210, requirements=null) created
2022-07-05_15-48-05 [http-nio-8081-exec-6] INFO  c.m.c.services.CustomerServiceImpl - Requirement with id 1 assigned to customer with id 1
2022-07-05_15-48-05 [http-nio-8081-exec-10] INFO  c.m.c.services.CustomerServiceImpl - Customer: Customer(id=1, name=david, address=mumbai, emailid=david@gmail.com, contactNumber=9876543210, requirements=[Requirement(id=1, propertyType=villa, locality=Hyderabad, budget=1000000.0)])
2022-07-05_15-48-05 [http-nio-8081-exec-1] INFO  c.m.c.services.CustomerServiceImpl - Customers: [Customer(id=1, name=david, address=mumbai, emailid=david@gmail.com, contactNumber=9876543210, requirements=[Requirement(id=1, propertyType=villa, locality=Hyderabad, budget=1000000.0)])]
2022-07-05_15-48-05 [http-nio-8081-exec-3] INFO  c.m.c.services.CustomerServiceImpl - Requirements: [Requirement(id=1, propertyType=villa, locality=Hyderabad, budget=1000000.0), Requirement(id=2, propertyType=flat, locality=Mumbai, budget=1500000.0), Requirement(id=3, propertyType=duplex, locality=Delhi, budget=2000000.0)]
2022-07-05_15-48-05 [http-nio-8081-exec-10] INFO  c.m.c.services.CustomerServiceImpl - Properties: [Property(id=1, propertyType=villa, locality=Hyderabad, budget=1000000.0), Property(id=2, propertyType=flat, locality=Mumbai, budget=1500000.0), Property(id=3, propertyType=duplex, locality=Delhi, budget=2000000.0)]
2022-07-05_15-48-05 [http-nio-8081-exec-9] INFO  c.m.c.services.CustomerServiceImpl - Customer: Customer(id=1, name=david, address=mumbai, emailid=david@gmail.com, contactNumber=9876543210, requirements=[Requirement(id=1, propertyType=villa, locality=Hyderabad, budget=1000000.0)])
2022-07-05_15-48-05 [http-nio-8081-exec-1] INFO  c.m.c.services.CustomerServiceImpl - Customers: [Customer(id=1, name=david, address=mumbai, emailid=david@gmail.com, contactNumber=9876543210, requirements=[Requirement(id=1, propertyType=villa, locality=Hyderabad, budget=1000000.0)])]
2022-07-05_15-48-05 [http-nio-8081-exec-4] INFO  c.m.c.services.CustomerServiceImpl - Customer: Customer(id=1, name=david, address=mumbai, emailid=david@gmail.com, contactNumber=9876543210, requirements=[Requirement(id=1, propertyType=villa, locality=Hyderabad, budget=1000000.0)])
2022-07-05_15-48-05 [RMI TCP Connection(84)-127.0.0.1] INFO  o.s.b.a.SpringApplicationAdminMXBeanRegistrar$SpringApplicationAdmin - Application shutdown requested.
2022-07-05_15-48-05 [RMI TCP Connection(84)-127.0.0.1] INFO  o.s.o.j.LocalContainerEntityManagerFactoryBean - Closing JPA EntityManagerFactory for persistence unit 'default'
2022-07-05_15-48-05 [RMI TCP Connection(84)-127.0.0.1] INFO  com.zaxxer.hikari.HikariDataSource - HikariPool-1 - Shutdown initiated...
2022-07-05_15-48-05 [RMI TCP Connection(84)-127.0.0.1] INFO  com.zaxxer.hikari.HikariDataSource - HikariPool-1 - Shutdown completed.
2022-07-05_18-29-52 [restartedMain] INFO  c.m.c.CustomerMicroserviceApplication - Starting CustomerMicroserviceApplication using Java 17.0.2 on VAMSI with PID 3956 (C:\Users\Lenovo\git\MFPE\Customer-Microservice\target\classes started by Lenovo in C:\Users\Lenovo\git\MFPE\Customer-Microservice)
2022-07-05_18-29-52 [restartedMain] INFO  c.m.c.CustomerMicroserviceApplication - No active profile set, falling back to 1 default profile: "default"
2022-07-05_18-29-52 [restartedMain] INFO  o.s.b.d.e.DevToolsPropertyDefaultsPostProcessor - Devtools property defaults active! Set 'spring.devtools.add-properties' to 'false' to disable
2022-07-05_18-29-52 [restartedMain] INFO  o.s.b.d.e.DevToolsPropertyDefaultsPostProcessor - For additional web related logging consider setting the 'logging.level.web' property to 'DEBUG'
2022-07-05_18-29-52 [restartedMain] INFO  o.s.d.r.c.RepositoryConfigurationDelegate - Bootstrapping Spring Data JPA repositories in DEFAULT mode.
2022-07-05_18-29-52 [restartedMain] INFO  o.s.d.r.c.RepositoryConfigurationDelegate - Finished Spring Data repository scanning in 240 ms. Found 2 JPA repository interfaces.
2022-07-05_18-29-52 [restartedMain] INFO  o.s.cloud.context.scope.GenericScope - BeanFactory id=8b80bfa6-2773-367d-ab04-04f9e051c46a
2022-07-05_18-29-52 [restartedMain] INFO  o.s.b.w.e.tomcat.TomcatWebServer - Tomcat initialized with port(s): 8081 (http)
2022-07-05_18-29-52 [restartedMain] INFO  o.a.coyote.http11.Http11NioProtocol - Initializing ProtocolHandler ["http-nio-8081"]
2022-07-05_18-29-52 [restartedMain] INFO  o.a.catalina.core.StandardService - Starting service [Tomcat]
2022-07-05_18-29-52 [restartedMain] INFO  o.a.catalina.core.StandardEngine - Starting Servlet engine: [Apache Tomcat/9.0.64]
2022-07-05_18-29-52 [restartedMain] INFO  o.a.c.c.C.[.[localhost].[/customer] - Initializing Spring embedded WebApplicationContext
2022-07-05_18-29-52 [restartedMain] INFO  o.s.b.w.s.c.ServletWebServerApplicationContext - Root WebApplicationContext: initialization completed in 23947 ms
2022-07-05_18-29-52 [restartedMain] INFO  com.zaxxer.hikari.HikariDataSource - HikariPool-1 - Starting...
2022-07-05_18-29-52 [restartedMain] INFO  com.zaxxer.hikari.HikariDataSource - HikariPool-1 - Start completed.
2022-07-05_18-29-52 [restartedMain] INFO  o.s.b.a.h.H2ConsoleAutoConfiguration - H2 console available at '/h2-console'. Database available at 'jdbc:h2:mem:testdb'
2022-07-05_18-29-52 [restartedMain] INFO  o.s.o.j.LocalContainerEntityManagerFactoryBean - Initialized JPA EntityManagerFactory for persistence unit 'default'
2022-07-05_18-29-52 [restartedMain] INFO  o.s.b.d.a.OptionalLiveReloadServer - LiveReload server is running on port 35729
2022-07-05_18-29-52 [restartedMain] INFO  o.a.coyote.http11.Http11NioProtocol - Starting ProtocolHandler ["http-nio-8081"]
2022-07-05_18-29-52 [restartedMain] INFO  o.s.b.w.e.tomcat.TomcatWebServer - Tomcat started on port(s): 8081 (http) with context path '/customer'
2022-07-05_18-29-52 [restartedMain] INFO  c.m.c.CustomerMicroserviceApplication - Started CustomerMicroserviceApplication in 93.778 seconds (JVM running for 160.156)
2022-07-05_18-29-52 [http-nio-8081-exec-3] INFO  o.a.c.c.C.[.[localhost].[/customer] - Initializing Spring DispatcherServlet 'dispatcherServlet'
2022-07-05_18-29-52 [http-nio-8081-exec-3] INFO  o.s.web.servlet.DispatcherServlet - Initializing Servlet 'dispatcherServlet'
2022-07-05_18-29-52 [http-nio-8081-exec-3] INFO  o.s.web.servlet.DispatcherServlet - Completed initialization in 2368 ms
2022-07-05_18-29-52 [http-nio-8081-exec-1] INFO  c.m.c.services.CustomerServiceImpl - Customers: []
2022-07-05_18-29-52 [http-nio-8081-exec-1] INFO  c.m.c.services.CustomerServiceImpl - Customer Customer(id=1, name=bill, address=delhi, emailid=bill@gmail.com, contactNumber=9876543210, requirements=null) created
2022-07-05_18-29-52 [http-nio-8081-exec-7] INFO  c.m.c.services.CustomerServiceImpl - Requirement with id 1 assigned to customer with id 1
2022-07-05_18-29-52 [http-nio-8081-exec-10] INFO  c.m.c.services.CustomerServiceImpl - Customer: Customer(id=1, name=bill, address=delhi, emailid=bill@gmail.com, contactNumber=9876543210, requirements=[Requirement(id=1, propertyType=villa, locality=Hyderabad, budget=1000000.0)])
2022-07-05_18-29-52 [http-nio-8081-exec-3] INFO  c.m.c.services.CustomerServiceImpl - Customers: [Customer(id=1, name=bill, address=delhi, emailid=bill@gmail.com, contactNumber=9876543210, requirements=[Requirement(id=1, propertyType=villa, locality=Hyderabad, budget=1000000.0)])]
2022-07-05_18-29-52 [http-nio-8081-exec-6] INFO  c.m.c.services.CustomerServiceImpl - Requirements: [Requirement(id=1, propertyType=villa, locality=Hyderabad, budget=1000000.0), Requirement(id=2, propertyType=flat, locality=Mumbai, budget=1500000.0), Requirement(id=3, propertyType=duplex, locality=Delhi, budget=2000000.0)]
2022-07-05_18-29-52 [http-nio-8081-exec-8] INFO  c.m.c.services.CustomerServiceImpl - Properties: [Property(id=1, propertyType=villa, locality=Hyderabad, budget=1000000.0), Property(id=2, propertyType=flat, locality=Mumbai, budget=1500000.0), Property(id=3, propertyType=duplex, locality=Delhi, budget=2000000.0), Property(id=4, propertyType=villa, locality=delhi, budget=19800.0)]
2022-07-05_18-29-52 [http-nio-8081-exec-6] INFO  c.m.c.services.CustomerServiceImpl - Customer: Customer(id=1, name=bill, address=delhi, emailid=bill@gmail.com, contactNumber=9876543210, requirements=[Requirement(id=1, propertyType=villa, locality=Hyderabad, budget=1000000.0)])
2022-07-05_18-29-52 [http-nio-8081-exec-9] INFO  c.m.c.services.CustomerServiceImpl - Customers: [Customer(id=1, name=bill, address=delhi, emailid=bill@gmail.com, contactNumber=9876543210, requirements=[Requirement(id=1, propertyType=villa, locality=Hyderabad, budget=1000000.0)])]
2022-07-05_18-29-52 [http-nio-8081-exec-4] INFO  c.m.c.services.CustomerServiceImpl - Customer: Customer(id=1, name=bill, address=delhi, emailid=bill@gmail.com, contactNumber=9876543210, requirements=[Requirement(id=1, propertyType=villa, locality=Hyderabad, budget=1000000.0)])
2022-07-05_18-29-52 [http-nio-8081-exec-8] INFO  c.m.c.services.CustomerServiceImpl - Customer: Customer(id=1, name=bill, address=delhi, emailid=bill@gmail.com, contactNumber=9876543210, requirements=[Requirement(id=1, propertyType=villa, locality=Hyderabad, budget=1000000.0)])
2022-07-05_18-29-52 [http-nio-8081-exec-2] INFO  c.m.c.services.CustomerServiceImpl - Customer: Customer(id=1, name=bill, address=delhi, emailid=bill@gmail.com, contactNumber=9876543210, requirements=[Requirement(id=1, propertyType=villa, locality=Hyderabad, budget=1000000.0)])
2022-07-05_18-29-52 [http-nio-8081-exec-7] INFO  c.m.c.services.CustomerServiceImpl - Customer: Customer(id=1, name=bill, address=delhi, emailid=bill@gmail.com, contactNumber=9876543210, requirements=[Requirement(id=1, propertyType=villa, locality=Hyderabad, budget=1000000.0)])
2022-07-05_18-29-52 [RMI TCP Connection(83)-127.0.0.1] INFO  o.s.b.a.SpringApplicationAdminMXBeanRegistrar$SpringApplicationAdmin - Application shutdown requested.
2022-07-05_18-29-52 [RMI TCP Connection(84)-127.0.0.1] INFO  o.s.b.a.SpringApplicationAdminMXBeanRegistrar$SpringApplicationAdmin - Application shutdown requested.
2022-07-05_18-29-52 [RMI TCP Connection(83)-127.0.0.1] INFO  o.s.o.j.LocalContainerEntityManagerFactoryBean - Closing JPA EntityManagerFactory for persistence unit 'default'
2022-07-05_18-29-52 [RMI TCP Connection(83)-127.0.0.1] INFO  com.zaxxer.hikari.HikariDataSource - HikariPool-1 - Shutdown initiated...
2022-07-05_18-29-52 [RMI TCP Connection(83)-127.0.0.1] INFO  com.zaxxer.hikari.HikariDataSource - HikariPool-1 - Shutdown completed.
2022-07-05_22-08-36 [restartedMain] INFO  c.m.c.CustomerMicroserviceApplication - Starting CustomerMicroserviceApplication using Java 17.0.2 on VAMSI with PID 5048 (C:\Users\Lenovo\git\MFPE\Customer-Microservice\target\classes started by Lenovo in C:\Users\Lenovo\git\MFPE\Customer-Microservice)
2022-07-05_22-08-36 [restartedMain] INFO  c.m.c.CustomerMicroserviceApplication - No active profile set, falling back to 1 default profile: "default"
2022-07-05_22-08-36 [restartedMain] INFO  o.s.b.d.e.DevToolsPropertyDefaultsPostProcessor - Devtools property defaults active! Set 'spring.devtools.add-properties' to 'false' to disable
2022-07-05_22-08-36 [restartedMain] INFO  o.s.b.d.e.DevToolsPropertyDefaultsPostProcessor - For additional web related logging consider setting the 'logging.level.web' property to 'DEBUG'
2022-07-05_22-08-36 [restartedMain] INFO  o.s.d.r.c.RepositoryConfigurationDelegate - Bootstrapping Spring Data JPA repositories in DEFAULT mode.
2022-07-05_22-08-36 [restartedMain] INFO  o.s.d.r.c.RepositoryConfigurationDelegate - Finished Spring Data repository scanning in 57 ms. Found 2 JPA repository interfaces.
2022-07-05_22-08-36 [restartedMain] INFO  o.s.cloud.context.scope.GenericScope - BeanFactory id=8b80bfa6-2773-367d-ab04-04f9e051c46a
2022-07-05_22-08-36 [restartedMain] INFO  o.s.b.w.e.tomcat.TomcatWebServer - Tomcat initialized with port(s): 8081 (http)
2022-07-05_22-08-36 [restartedMain] INFO  o.a.coyote.http11.Http11NioProtocol - Initializing ProtocolHandler ["http-nio-8081"]
2022-07-05_22-08-36 [restartedMain] INFO  o.a.catalina.core.StandardService - Starting service [Tomcat]
2022-07-05_22-08-36 [restartedMain] INFO  o.a.catalina.core.StandardEngine - Starting Servlet engine: [Apache Tomcat/9.0.64]
2022-07-05_22-08-36 [restartedMain] INFO  o.a.c.c.C.[.[localhost].[/customer] - Initializing Spring embedded WebApplicationContext
2022-07-05_22-08-36 [restartedMain] INFO  o.s.b.w.s.c.ServletWebServerApplicationContext - Root WebApplicationContext: initialization completed in 3190 ms
2022-07-05_22-08-36 [restartedMain] INFO  com.zaxxer.hikari.HikariDataSource - HikariPool-1 - Starting...
2022-07-05_22-08-36 [restartedMain] INFO  com.zaxxer.hikari.HikariDataSource - HikariPool-1 - Start completed.
2022-07-05_22-08-36 [restartedMain] INFO  o.s.b.a.h.H2ConsoleAutoConfiguration - H2 console available at '/h2-console'. Database available at 'jdbc:h2:mem:testdb'
2022-07-05_22-08-36 [restartedMain] INFO  o.s.o.j.LocalContainerEntityManagerFactoryBean - Initialized JPA EntityManagerFactory for persistence unit 'default'
2022-07-05_22-08-36 [restartedMain] INFO  o.a.coyote.http11.Http11NioProtocol - Starting ProtocolHandler ["http-nio-8081"]
2022-07-05_22-08-36 [restartedMain] INFO  o.s.b.w.e.tomcat.TomcatWebServer - Tomcat started on port(s): 8081 (http) with context path '/customer'
2022-07-05_22-08-36 [restartedMain] INFO  c.m.c.CustomerMicroserviceApplication - Started CustomerMicroserviceApplication in 9.11 seconds (JVM running for 10.485)
2022-07-05_22-08-36 [http-nio-8081-exec-4] INFO  o.a.c.c.C.[.[localhost].[/customer] - Initializing Spring DispatcherServlet 'dispatcherServlet'
2022-07-05_22-08-36 [http-nio-8081-exec-4] INFO  o.s.web.servlet.DispatcherServlet - Initializing Servlet 'dispatcherServlet'
2022-07-05_22-08-36 [http-nio-8081-exec-4] INFO  o.s.web.servlet.DispatcherServlet - Completed initialization in 1900 ms
2022-07-05_22-08-36 [http-nio-8081-exec-4] INFO  c.m.c.services.CustomerServiceImpl - Customers: []
2022-07-05_22-08-36 [http-nio-8081-exec-4] INFO  c.m.c.services.CustomerServiceImpl - Customer Customer(id=1, name=david, address=mumbai, emailid=david@gmail.com, contactNumber=9876543210, requirements=null) created
2022-07-05_22-08-36 [http-nio-8081-exec-7] INFO  c.m.c.services.CustomerServiceImpl - Requirement with id 1 assigned to customer with id 1
2022-07-05_22-08-36 [http-nio-8081-exec-9] INFO  c.m.c.services.CustomerServiceImpl - Customer: Customer(id=1, name=david, address=mumbai, emailid=david@gmail.com, contactNumber=9876543210, requirements=[Requirement(id=1, propertyType=villa, locality=Hyderabad, budget=1000000.0)])
2022-07-05_22-08-36 [http-nio-8081-exec-3] INFO  c.m.c.services.CustomerServiceImpl - Customers: [Customer(id=1, name=david, address=mumbai, emailid=david@gmail.com, contactNumber=9876543210, requirements=[Requirement(id=1, propertyType=villa, locality=Hyderabad, budget=1000000.0)])]
2022-07-05_22-08-36 [http-nio-8081-exec-5] INFO  c.m.c.services.CustomerServiceImpl - Requirements: [Requirement(id=1, propertyType=villa, locality=Hyderabad, budget=1000000.0), Requirement(id=2, propertyType=flat, locality=Mumbai, budget=1500000.0), Requirement(id=3, propertyType=duplex, locality=Delhi, budget=2000000.0)]
2022-07-05_22-08-36 [http-nio-8081-exec-8] INFO  c.m.c.services.CustomerServiceImpl - Properties: [Property(id=1, propertyType=villa, locality=Hyderabad, budget=1000000.0), Property(id=2, propertyType=flat, locality=Mumbai, budget=1500000.0), Property(id=3, propertyType=duplex, locality=Delhi, budget=2000000.0), Property(id=4, propertyType=villa, locality=delhi, budget=19800.0)]
2022-07-05_22-08-36 [http-nio-8081-exec-2] INFO  c.m.c.services.CustomerServiceImpl - Customer: Customer(id=1, name=david, address=mumbai, emailid=david@gmail.com, contactNumber=9876543210, requirements=[Requirement(id=1, propertyType=villa, locality=Hyderabad, budget=1000000.0)])
2022-07-05_22-08-36 [http-nio-8081-exec-3] INFO  c.m.c.services.CustomerServiceImpl - Customers: [Customer(id=1, name=david, address=mumbai, emailid=david@gmail.com, contactNumber=9876543210, requirements=[Requirement(id=1, propertyType=villa, locality=Hyderabad, budget=1000000.0)])]
2022-07-05_22-08-36 [http-nio-8081-exec-4] INFO  c.m.c.services.CustomerServiceImpl - Requirements: [Requirement(id=1, propertyType=villa, locality=Hyderabad, budget=1000000.0), Requirement(id=2, propertyType=flat, locality=Mumbai, budget=1500000.0), Requirement(id=3, propertyType=duplex, locality=Delhi, budget=2000000.0)]
2022-07-05_22-08-36 [http-nio-8081-exec-6] INFO  c.m.c.services.CustomerServiceImpl - Properties: [Property(id=1, propertyType=villa, locality=Hyderabad, budget=1000000.0), Property(id=2, propertyType=flat, locality=Mumbai, budget=1500000.0), Property(id=3, propertyType=duplex, locality=Delhi, budget=2000000.0), Property(id=4, propertyType=villa, locality=delhi, budget=19800.0)]
2022-07-05_22-08-36 [http-nio-8081-exec-7] INFO  c.m.c.services.CustomerServiceImpl - Customer: Customer(id=1, name=david, address=mumbai, emailid=david@gmail.com, contactNumber=9876543210, requirements=[Requirement(id=1, propertyType=villa, locality=Hyderabad, budget=1000000.0)])
2022-07-05_22-08-36 [http-nio-8081-exec-10] INFO  c.m.c.services.CustomerServiceImpl - Customers: [Customer(id=1, name=david, address=mumbai, emailid=david@gmail.com, contactNumber=9876543210, requirements=[Requirement(id=1, propertyType=villa, locality=Hyderabad, budget=1000000.0)])]
2022-07-05_22-08-36 [http-nio-8081-exec-8] INFO  c.m.c.services.CustomerServiceImpl - Customer: Customer(id=1, name=david, address=mumbai, emailid=david@gmail.com, contactNumber=9876543210, requirements=[Requirement(id=1, propertyType=villa, locality=Hyderabad, budget=1000000.0)])
2022-07-05_22-08-36 [RMI TCP Connection(37)-127.0.0.1] INFO  o.s.b.a.SpringApplicationAdminMXBeanRegistrar$SpringApplicationAdmin - Application shutdown requested.
2022-07-05_22-08-36 [RMI TCP Connection(37)-127.0.0.1] INFO  o.s.o.j.LocalContainerEntityManagerFactoryBean - Closing JPA EntityManagerFactory for persistence unit 'default'
