2022-07-05_11-55-34 [restartedMain] INFO  c.m.p.PropertyMicroserviceApplication - Starting PropertyMicroserviceApplication using Java 17.0.2 on VAMSI with PID 8452 (C:\Users\Lenovo\git\MFPE\Property-Microservice\target\classes started by Lenovo in C:\Users\Lenovo\git\MFPE\Property-Microservice)
2022-07-05_11-55-34 [restartedMain] INFO  c.m.p.PropertyMicroserviceApplication - No active profile set, falling back to 1 default profile: "default"
2022-07-05_11-55-34 [restartedMain] INFO  o.s.b.d.e.DevToolsPropertyDefaultsPostProcessor - Devtools property defaults active! Set 'spring.devtools.add-properties' to 'false' to disable
2022-07-05_11-55-34 [restartedMain] INFO  o.s.b.d.e.DevToolsPropertyDefaultsPostProcessor - For additional web related logging consider setting the 'logging.level.web' property to 'DEBUG'
2022-07-05_11-55-34 [restartedMain] INFO  o.s.d.r.c.RepositoryConfigurationDelegate - Bootstrapping Spring Data JPA repositories in DEFAULT mode.
2022-07-05_11-55-34 [restartedMain] INFO  o.s.d.r.c.RepositoryConfigurationDelegate - Finished Spring Data repository scanning in 273 ms. Found 1 JPA repository interfaces.
2022-07-05_11-55-34 [restartedMain] INFO  o.s.cloud.context.scope.GenericScope - BeanFactory id=36dc625e-8a22-3279-80ab-b969a6e077fc
2022-07-05_11-55-34 [restartedMain] INFO  o.s.b.w.e.tomcat.TomcatWebServer - Tomcat initialized with port(s): 8082 (http)
2022-07-05_11-55-34 [restartedMain] INFO  o.a.coyote.http11.Http11NioProtocol - Initializing ProtocolHandler ["http-nio-8082"]
2022-07-05_11-55-34 [restartedMain] INFO  o.a.catalina.core.StandardService - Starting service [Tomcat]
2022-07-05_11-55-34 [restartedMain] INFO  o.a.catalina.core.StandardEngine - Starting Servlet engine: [Apache Tomcat/9.0.64]
2022-07-05_11-55-34 [restartedMain] INFO  o.a.c.c.C.[.[localhost].[/property] - Initializing Spring embedded WebApplicationContext
2022-07-05_11-55-34 [restartedMain] INFO  o.s.b.w.s.c.ServletWebServerApplicationContext - Root WebApplicationContext: initialization completed in 22283 ms
2022-07-05_11-55-34 [restartedMain] INFO  com.zaxxer.hikari.HikariDataSource - HikariPool-1 - Starting...
2022-07-05_11-55-34 [restartedMain] INFO  com.zaxxer.hikari.HikariDataSource - HikariPool-1 - Start completed.
2022-07-05_11-55-34 [restartedMain] INFO  o.s.b.a.h.H2ConsoleAutoConfiguration - H2 console available at '/h2-console'. Database available at 'jdbc:h2:mem:testdb'
2022-07-05_11-55-34 [restartedMain] INFO  o.s.o.j.LocalContainerEntityManagerFactoryBean - Initialized JPA EntityManagerFactory for persistence unit 'default'
2022-07-05_11-55-34 [restartedMain] INFO  o.a.coyote.http11.Http11NioProtocol - Starting ProtocolHandler ["http-nio-8082"]
2022-07-05_11-55-34 [restartedMain] INFO  o.s.b.w.e.tomcat.TomcatWebServer - Tomcat started on port(s): 8082 (http) with context path '/property'
2022-07-05_11-55-34 [restartedMain] INFO  c.m.p.PropertyMicroserviceApplication - Started PropertyMicroserviceApplication in 60.284 seconds (JVM running for 101.682)
2022-07-05_11-55-34 [http-nio-8082-exec-7] INFO  o.a.c.c.C.[.[localhost].[/property] - Initializing Spring DispatcherServlet 'dispatcherServlet'
2022-07-05_11-55-34 [http-nio-8082-exec-7] INFO  o.s.web.servlet.DispatcherServlet - Initializing Servlet 'dispatcherServlet'
2022-07-05_11-55-34 [http-nio-8082-exec-7] INFO  o.s.web.servlet.DispatcherServlet - Completed initialization in 41 ms
2022-07-05_11-55-34 [http-nio-8082-exec-1] INFO  c.m.p.service.PropertyServiceImpl - Property Property(id=4, propertyType=villa, locality=mumbai, budget=19800.0) created
2022-07-05_11-55-34 [http-nio-8082-exec-5] INFO  c.m.p.service.PropertyServiceImpl - Property Property(id=5, propertyType=flat, locality=delhi, budget=19800.0) created
2022-07-05_11-55-34 [http-nio-8082-exec-7] INFO  c.m.p.service.PropertyServiceImpl - Properties with property type villa: [Property(id=1, propertyType=villa, locality=Hyderabad, budget=1000000.0), Property(id=4, propertyType=villa, locality=mumbai, budget=19800.0)]
2022-07-05_11-55-34 [http-nio-8082-exec-6] INFO  c.m.p.service.PropertyServiceImpl - Properties in locality mumbai: [Property(id=4, propertyType=villa, locality=mumbai, budget=19800.0)]
2022-07-05_11-55-34 [http-nio-8082-exec-9] INFO  c.m.p.service.PropertyServiceImpl - Property Property(id=6, propertyType=flat, locality=delhi, budget=19800.0) created
2022-07-05_11-55-34 [http-nio-8082-exec-3] INFO  c.m.p.service.PropertyServiceImpl - Properties: [Property(id=1, propertyType=villa, locality=Hyderabad, budget=1000000.0), Property(id=2, propertyType=flat, locality=Mumbai, budget=1500000.0), Property(id=3, propertyType=duplex, locality=Delhi, budget=2000000.0), Property(id=4, propertyType=villa, locality=mumbai, budget=19800.0), Property(id=5, propertyType=flat, locality=delhi, budget=19800.0), Property(id=6, propertyType=flat, locality=delhi, budget=19800.0)]
2022-07-05_11-55-34 [http-nio-8082-exec-2] INFO  c.m.p.service.PropertyServiceImpl - Properties: [Property(id=1, propertyType=villa, locality=Hyderabad, budget=1000000.0), Property(id=2, propertyType=flat, locality=Mumbai, budget=1500000.0), Property(id=3, propertyType=duplex, locality=Delhi, budget=2000000.0), Property(id=4, propertyType=villa, locality=mumbai, budget=19800.0), Property(id=5, propertyType=flat, locality=delhi, budget=19800.0), Property(id=6, propertyType=flat, locality=delhi, budget=19800.0)]
2022-07-05_11-55-34 [http-nio-8082-exec-1] INFO  c.m.p.service.PropertyServiceImpl - Properties: [Property(id=1, propertyType=villa, locality=Hyderabad, budget=1000000.0), Property(id=2, propertyType=flat, locality=Mumbai, budget=1500000.0), Property(id=3, propertyType=duplex, locality=Delhi, budget=2000000.0), Property(id=4, propertyType=villa, locality=mumbai, budget=19800.0), Property(id=5, propertyType=flat, locality=delhi, budget=19800.0), Property(id=6, propertyType=flat, locality=delhi, budget=19800.0)]
2022-07-05_11-55-34 [http-nio-8082-exec-3] INFO  c.m.p.service.PropertyServiceImpl - Properties with property type villa: [Property(id=1, propertyType=villa, locality=Hyderabad, budget=1000000.0), Property(id=4, propertyType=villa, locality=mumbai, budget=19800.0)]
2022-07-05_11-55-34 [http-nio-8082-exec-9] INFO  c.m.p.service.PropertyServiceImpl - Properties in locality mumbai: [Property(id=4, propertyType=villa, locality=mumbai, budget=19800.0)]
2022-07-05_11-55-34 [http-nio-8082-exec-10] INFO  c.m.p.service.PropertyServiceImpl - Property Property(id=7, propertyType=villa, locality=mumbai, budget=12345.0) created
2022-07-05_11-55-34 [http-nio-8082-exec-5] INFO  c.m.p.service.PropertyServiceImpl - Properties: [Property(id=1, propertyType=villa, locality=Hyderabad, budget=1000000.0), Property(id=2, propertyType=flat, locality=Mumbai, budget=1500000.0), Property(id=3, propertyType=duplex, locality=Delhi, budget=2000000.0), Property(id=4, propertyType=villa, locality=mumbai, budget=19800.0), Property(id=5, propertyType=flat, locality=delhi, budget=19800.0), Property(id=6, propertyType=flat, locality=delhi, budget=19800.0), Property(id=7, propertyType=villa, locality=mumbai, budget=12345.0)]
2022-07-05_11-55-34 [http-nio-8082-exec-7] INFO  c.m.p.service.PropertyServiceImpl - Properties with property type villa: [Property(id=1, propertyType=villa, locality=Hyderabad, budget=1000000.0), Property(id=4, propertyType=villa, locality=mumbai, budget=19800.0), Property(id=7, propertyType=villa, locality=mumbai, budget=12345.0)]
2022-07-05_11-55-34 [http-nio-8082-exec-1] INFO  c.m.p.service.PropertyServiceImpl - Properties with property type villa: [Property(id=1, propertyType=villa, locality=Hyderabad, budget=1000000.0), Property(id=4, propertyType=villa, locality=mumbai, budget=19800.0), Property(id=7, propertyType=villa, locality=mumbai, budget=12345.0)]
2022-07-05_11-55-34 [http-nio-8082-exec-3] INFO  c.m.p.service.PropertyServiceImpl - Properties: [Property(id=1, propertyType=villa, locality=Hyderabad, budget=1000000.0), Property(id=2, propertyType=flat, locality=Mumbai, budget=1500000.0), Property(id=3, propertyType=duplex, locality=Delhi, budget=2000000.0), Property(id=4, propertyType=villa, locality=mumbai, budget=19800.0), Property(id=5, propertyType=flat, locality=delhi, budget=19800.0), Property(id=6, propertyType=flat, locality=delhi, budget=19800.0), Property(id=7, propertyType=villa, locality=mumbai, budget=12345.0)]
2022-07-05_11-55-34 [http-nio-8082-exec-2] INFO  c.m.p.service.PropertyServiceImpl - Properties with property type villa: [Property(id=1, propertyType=villa, locality=Hyderabad, budget=1000000.0), Property(id=4, propertyType=villa, locality=mumbai, budget=19800.0), Property(id=7, propertyType=villa, locality=mumbai, budget=12345.0)]
2022-07-05_11-55-34 [http-nio-8082-exec-10] INFO  c.m.p.service.PropertyServiceImpl - Properties in locality mumbai: [Property(id=4, propertyType=villa, locality=mumbai, budget=19800.0), Property(id=7, propertyType=villa, locality=mumbai, budget=12345.0)]
2022-07-05_11-55-34 [http-nio-8082-exec-8] INFO  c.m.p.service.PropertyServiceImpl - Property Property(id=8, propertyType=villa, locality=hyd, budget=12345.0) created
2022-07-05_11-55-34 [http-nio-8082-exec-1] INFO  c.m.p.service.PropertyServiceImpl - Properties: [Property(id=1, propertyType=villa, locality=Hyderabad, budget=1000000.0), Property(id=2, propertyType=flat, locality=Mumbai, budget=1500000.0), Property(id=3, propertyType=duplex, locality=Delhi, budget=2000000.0), Property(id=4, propertyType=villa, locality=mumbai, budget=19800.0), Property(id=5, propertyType=flat, locality=delhi, budget=19800.0), Property(id=6, propertyType=flat, locality=delhi, budget=19800.0), Property(id=7, propertyType=villa, locality=mumbai, budget=12345.0), Property(id=8, propertyType=villa, locality=hyd, budget=12345.0)]
2022-07-05_11-55-34 [http-nio-8082-exec-6] INFO  c.m.p.service.PropertyServiceImpl - Properties with property type villa: [Property(id=1, propertyType=villa, locality=Hyderabad, budget=1000000.0), Property(id=4, propertyType=villa, locality=mumbai, budget=19800.0), Property(id=7, propertyType=villa, locality=mumbai, budget=12345.0), Property(id=8, propertyType=villa, locality=hyd, budget=12345.0)]
2022-07-05_11-55-34 [http-nio-8082-exec-3] INFO  c.m.p.service.PropertyServiceImpl - Properties in locality mumbai: [Property(id=4, propertyType=villa, locality=mumbai, budget=19800.0), Property(id=7, propertyType=villa, locality=mumbai, budget=12345.0)]
2022-07-05_11-55-34 [http-nio-8082-exec-9] INFO  c.m.p.service.PropertyServiceImpl - Properties: [Property(id=1, propertyType=villa, locality=Hyderabad, budget=1000000.0), Property(id=2, propertyType=flat, locality=Mumbai, budget=1500000.0), Property(id=3, propertyType=duplex, locality=Delhi, budget=2000000.0), Property(id=4, propertyType=villa, locality=mumbai, budget=19800.0), Property(id=5, propertyType=flat, locality=delhi, budget=19800.0), Property(id=6, propertyType=flat, locality=delhi, budget=19800.0), Property(id=7, propertyType=villa, locality=mumbai, budget=12345.0), Property(id=8, propertyType=villa, locality=hyd, budget=12345.0)]
2022-07-05_11-55-34 [http-nio-8082-exec-6] INFO  c.m.p.service.PropertyServiceImpl - Properties: [Property(id=1, propertyType=villa, locality=Hyderabad, budget=1000000.0), Property(id=2, propertyType=flat, locality=Mumbai, budget=1500000.0), Property(id=3, propertyType=duplex, locality=Delhi, budget=2000000.0), Property(id=4, propertyType=villa, locality=mumbai, budget=19800.0), Property(id=5, propertyType=flat, locality=delhi, budget=19800.0), Property(id=6, propertyType=flat, locality=delhi, budget=19800.0), Property(id=7, propertyType=villa, locality=mumbai, budget=12345.0), Property(id=8, propertyType=villa, locality=hyd, budget=12345.0)]
2022-07-05_11-55-34 [http-nio-8082-exec-9] INFO  c.m.p.service.PropertyServiceImpl - Properties: [Property(id=1, propertyType=villa, locality=Hyderabad, budget=1000000.0), Property(id=2, propertyType=flat, locality=Mumbai, budget=1500000.0), Property(id=3, propertyType=duplex, locality=Delhi, budget=2000000.0), Property(id=4, propertyType=villa, locality=mumbai, budget=19800.0), Property(id=5, propertyType=flat, locality=delhi, budget=19800.0), Property(id=6, propertyType=flat, locality=delhi, budget=19800.0), Property(id=7, propertyType=villa, locality=mumbai, budget=12345.0), Property(id=8, propertyType=villa, locality=hyd, budget=12345.0)]
2022-07-05_11-55-34 [http-nio-8082-exec-2] INFO  c.m.p.service.PropertyServiceImpl - Properties: [Property(id=1, propertyType=villa, locality=Hyderabad, budget=1000000.0), Property(id=2, propertyType=flat, locality=Mumbai, budget=1500000.0), Property(id=3, propertyType=duplex, locality=Delhi, budget=2000000.0), Property(id=4, propertyType=villa, locality=mumbai, budget=19800.0), Property(id=5, propertyType=flat, locality=delhi, budget=19800.0), Property(id=6, propertyType=flat, locality=delhi, budget=19800.0), Property(id=7, propertyType=villa, locality=mumbai, budget=12345.0), Property(id=8, propertyType=villa, locality=hyd, budget=12345.0)]
2022-07-05_11-55-34 [http-nio-8082-exec-7] INFO  c.m.p.service.PropertyServiceImpl - Properties with property type villa: [Property(id=1, propertyType=villa, locality=Hyderabad, budget=1000000.0), Property(id=4, propertyType=villa, locality=mumbai, budget=19800.0), Property(id=7, propertyType=villa, locality=mumbai, budget=12345.0), Property(id=8, propertyType=villa, locality=hyd, budget=12345.0)]
2022-07-05_11-55-34 [http-nio-8082-exec-6] INFO  c.m.p.service.PropertyServiceImpl - Properties in locality mumbai: [Property(id=4, propertyType=villa, locality=mumbai, budget=19800.0), Property(id=7, propertyType=villa, locality=mumbai, budget=12345.0)]
2022-07-05_11-55-34 [RMI TCP Connection(236)-127.0.0.1] INFO  o.s.b.a.SpringApplicationAdminMXBeanRegistrar$SpringApplicationAdmin - Application shutdown requested.
2022-07-05_11-55-34 [RMI TCP Connection(237)-127.0.0.1] INFO  o.s.b.a.SpringApplicationAdminMXBeanRegistrar$SpringApplicationAdmin - Application shutdown requested.
2022-07-05_11-55-34 [RMI TCP Connection(235)-127.0.0.1] INFO  o.s.b.a.SpringApplicationAdminMXBeanRegistrar$SpringApplicationAdmin - Application shutdown requested.
2022-07-05_11-55-34 [RMI TCP Connection(238)-127.0.0.1] INFO  o.s.b.a.SpringApplicationAdminMXBeanRegistrar$SpringApplicationAdmin - Application shutdown requested.
2022-07-05_11-55-34 [RMI TCP Connection(238)-127.0.0.1] INFO  o.s.o.j.LocalContainerEntityManagerFactoryBean - Closing JPA EntityManagerFactory for persistence unit 'default'
2022-07-05_11-55-34 [RMI TCP Connection(238)-127.0.0.1] INFO  com.zaxxer.hikari.HikariDataSource - HikariPool-1 - Shutdown initiated...
2022-07-05_11-55-34 [RMI TCP Connection(238)-127.0.0.1] INFO  com.zaxxer.hikari.HikariDataSource - HikariPool-1 - Shutdown completed.
2022-07-05_15-53-02 [restartedMain] INFO  c.m.p.PropertyMicroserviceApplication - Starting PropertyMicroserviceApplication using Java 17.0.2 on VAMSI with PID 6680 (C:\Users\Lenovo\git\MFPE\Property-Microservice\target\classes started by Lenovo in C:\Users\Lenovo\git\MFPE\Property-Microservice)
2022-07-05_15-53-02 [restartedMain] INFO  c.m.p.PropertyMicroserviceApplication - No active profile set, falling back to 1 default profile: "default"
2022-07-05_15-53-02 [restartedMain] INFO  o.s.b.d.e.DevToolsPropertyDefaultsPostProcessor - Devtools property defaults active! Set 'spring.devtools.add-properties' to 'false' to disable
2022-07-05_15-53-02 [restartedMain] INFO  o.s.b.d.e.DevToolsPropertyDefaultsPostProcessor - For additional web related logging consider setting the 'logging.level.web' property to 'DEBUG'
2022-07-05_15-53-02 [restartedMain] INFO  o.s.d.r.c.RepositoryConfigurationDelegate - Bootstrapping Spring Data JPA repositories in DEFAULT mode.
2022-07-05_15-53-02 [restartedMain] INFO  o.s.d.r.c.RepositoryConfigurationDelegate - Finished Spring Data repository scanning in 75 ms. Found 1 JPA repository interfaces.
2022-07-05_15-53-02 [restartedMain] INFO  o.s.cloud.context.scope.GenericScope - BeanFactory id=36dc625e-8a22-3279-80ab-b969a6e077fc
2022-07-05_15-53-02 [restartedMain] INFO  o.s.b.w.e.tomcat.TomcatWebServer - Tomcat initialized with port(s): 8082 (http)
2022-07-05_15-53-02 [restartedMain] INFO  o.a.coyote.http11.Http11NioProtocol - Initializing ProtocolHandler ["http-nio-8082"]
2022-07-05_15-53-02 [restartedMain] INFO  o.a.catalina.core.StandardService - Starting service [Tomcat]
2022-07-05_15-53-02 [restartedMain] INFO  o.a.catalina.core.StandardEngine - Starting Servlet engine: [Apache Tomcat/9.0.64]
2022-07-05_15-53-02 [restartedMain] INFO  o.a.c.c.C.[.[localhost].[/property] - Initializing Spring embedded WebApplicationContext
2022-07-05_15-53-02 [restartedMain] INFO  o.s.b.w.s.c.ServletWebServerApplicationContext - Root WebApplicationContext: initialization completed in 4083 ms
2022-07-05_15-53-02 [restartedMain] INFO  com.zaxxer.hikari.HikariDataSource - HikariPool-1 - Starting...
2022-07-05_15-53-02 [restartedMain] INFO  com.zaxxer.hikari.HikariDataSource - HikariPool-1 - Start completed.
2022-07-05_15-53-02 [restartedMain] INFO  o.s.b.a.h.H2ConsoleAutoConfiguration - H2 console available at '/h2-console'. Database available at 'jdbc:h2:mem:testdb'
2022-07-05_15-53-02 [restartedMain] INFO  o.s.o.j.LocalContainerEntityManagerFactoryBean - Initialized JPA EntityManagerFactory for persistence unit 'default'
2022-07-05_15-53-02 [restartedMain] INFO  o.a.coyote.http11.Http11NioProtocol - Starting ProtocolHandler ["http-nio-8082"]
2022-07-05_15-53-02 [restartedMain] INFO  o.s.b.w.e.tomcat.TomcatWebServer - Tomcat started on port(s): 8082 (http) with context path '/property'
2022-07-05_15-53-02 [restartedMain] INFO  c.m.p.PropertyMicroserviceApplication - Started PropertyMicroserviceApplication in 11.599 seconds (JVM running for 13.688)
2022-07-05_15-53-02 [http-nio-8082-exec-5] INFO  o.a.c.c.C.[.[localhost].[/property] - Initializing Spring DispatcherServlet 'dispatcherServlet'
2022-07-05_15-53-02 [http-nio-8082-exec-5] INFO  o.s.web.servlet.DispatcherServlet - Initializing Servlet 'dispatcherServlet'
2022-07-05_15-53-02 [http-nio-8082-exec-5] INFO  o.s.web.servlet.DispatcherServlet - Completed initialization in 5826 ms
2022-07-05_15-53-02 [http-nio-8082-exec-5] INFO  c.m.p.service.PropertyServiceImpl - Properties: [Property(id=1, propertyType=villa, locality=Hyderabad, budget=1000000.0), Property(id=2, propertyType=flat, locality=Mumbai, budget=1500000.0), Property(id=3, propertyType=duplex, locality=Delhi, budget=2000000.0)]
2022-07-05_15-53-02 [http-nio-8082-exec-6] INFO  c.m.p.service.PropertyServiceImpl - Properties: [Property(id=1, propertyType=villa, locality=Hyderabad, budget=1000000.0), Property(id=2, propertyType=flat, locality=Mumbai, budget=1500000.0), Property(id=3, propertyType=duplex, locality=Delhi, budget=2000000.0)]
2022-07-05_15-53-02 [http-nio-8082-exec-9] INFO  c.m.p.service.PropertyServiceImpl - Property Property(id=4, propertyType=villa, locality=mumbai, budget=12345.0) created
2022-07-05_15-53-02 [http-nio-8082-exec-2] INFO  c.m.p.service.PropertyServiceImpl - Property Property(id=5, propertyType=flat, locality=delhi, budget=19800.0) created
2022-07-05_15-53-02 [http-nio-8082-exec-5] INFO  c.m.p.service.PropertyServiceImpl - Properties: [Property(id=1, propertyType=villa, locality=Hyderabad, budget=1000000.0), Property(id=2, propertyType=flat, locality=Mumbai, budget=1500000.0), Property(id=3, propertyType=duplex, locality=Delhi, budget=2000000.0), Property(id=4, propertyType=villa, locality=mumbai, budget=12345.0), Property(id=5, propertyType=flat, locality=delhi, budget=19800.0)]
2022-07-05_15-53-02 [http-nio-8082-exec-3] INFO  c.m.p.service.PropertyServiceImpl - Properties with property type villa: [Property(id=1, propertyType=villa, locality=Hyderabad, budget=1000000.0), Property(id=4, propertyType=villa, locality=mumbai, budget=12345.0)]
2022-07-05_15-53-02 [http-nio-8082-exec-10] INFO  c.m.p.service.PropertyServiceImpl - Properties in locality mumbai: [Property(id=4, propertyType=villa, locality=mumbai, budget=12345.0)]
2022-07-05_15-53-02 [RMI TCP Connection(88)-127.0.0.1] INFO  o.s.b.a.SpringApplicationAdminMXBeanRegistrar$SpringApplicationAdmin - Application shutdown requested.
2022-07-05_15-53-02 [RMI TCP Connection(89)-127.0.0.1] INFO  o.s.b.a.SpringApplicationAdminMXBeanRegistrar$SpringApplicationAdmin - Application shutdown requested.
2022-07-05_15-53-02 [RMI TCP Connection(90)-127.0.0.1] INFO  o.s.b.a.SpringApplicationAdminMXBeanRegistrar$SpringApplicationAdmin - Application shutdown requested.
2022-07-05_15-53-02 [RMI TCP Connection(89)-127.0.0.1] INFO  o.s.o.j.LocalContainerEntityManagerFactoryBean - Closing JPA EntityManagerFactory for persistence unit 'default'
2022-07-05_15-53-02 [RMI TCP Connection(89)-127.0.0.1] INFO  com.zaxxer.hikari.HikariDataSource - HikariPool-1 - Shutdown initiated...
2022-07-05_15-53-02 [RMI TCP Connection(89)-127.0.0.1] INFO  com.zaxxer.hikari.HikariDataSource - HikariPool-1 - Shutdown completed.
2022-07-05_18-29-52 [restartedMain] INFO  c.m.p.PropertyMicroserviceApplication - Starting PropertyMicroserviceApplication using Java 17.0.2 on VAMSI with PID 10844 (C:\Users\Lenovo\git\MFPE\Property-Microservice\target\classes started by Lenovo in C:\Users\Lenovo\git\MFPE\Property-Microservice)
2022-07-05_18-29-52 [restartedMain] INFO  c.m.p.PropertyMicroserviceApplication - No active profile set, falling back to 1 default profile: "default"
2022-07-05_18-29-52 [restartedMain] INFO  o.s.b.d.e.DevToolsPropertyDefaultsPostProcessor - Devtools property defaults active! Set 'spring.devtools.add-properties' to 'false' to disable
2022-07-05_18-29-52 [restartedMain] INFO  o.s.b.d.e.DevToolsPropertyDefaultsPostProcessor - For additional web related logging consider setting the 'logging.level.web' property to 'DEBUG'
2022-07-05_18-29-52 [restartedMain] INFO  o.s.d.r.c.RepositoryConfigurationDelegate - Bootstrapping Spring Data JPA repositories in DEFAULT mode.
2022-07-05_18-29-52 [restartedMain] INFO  o.s.d.r.c.RepositoryConfigurationDelegate - Finished Spring Data repository scanning in 213 ms. Found 1 JPA repository interfaces.
2022-07-05_18-29-52 [restartedMain] INFO  o.s.cloud.context.scope.GenericScope - BeanFactory id=36dc625e-8a22-3279-80ab-b969a6e077fc
2022-07-05_18-29-52 [restartedMain] INFO  o.s.b.w.e.tomcat.TomcatWebServer - Tomcat initialized with port(s): 8082 (http)
2022-07-05_18-29-52 [restartedMain] INFO  o.a.coyote.http11.Http11NioProtocol - Initializing ProtocolHandler ["http-nio-8082"]
2022-07-05_18-29-52 [restartedMain] INFO  o.a.catalina.core.StandardService - Starting service [Tomcat]
2022-07-05_18-29-52 [restartedMain] INFO  o.a.catalina.core.StandardEngine - Starting Servlet engine: [Apache Tomcat/9.0.64]
2022-07-05_18-29-52 [restartedMain] INFO  o.a.c.c.C.[.[localhost].[/property] - Initializing Spring embedded WebApplicationContext
2022-07-05_18-29-52 [restartedMain] INFO  o.s.b.w.s.c.ServletWebServerApplicationContext - Root WebApplicationContext: initialization completed in 23920 ms
2022-07-05_18-29-52 [restartedMain] INFO  com.zaxxer.hikari.HikariDataSource - HikariPool-1 - Starting...
2022-07-05_18-29-52 [restartedMain] INFO  com.zaxxer.hikari.HikariDataSource - HikariPool-1 - Start completed.
2022-07-05_18-29-52 [restartedMain] INFO  o.s.b.a.h.H2ConsoleAutoConfiguration - H2 console available at '/h2-console'. Database available at 'jdbc:h2:mem:testdb'
2022-07-05_18-29-52 [restartedMain] INFO  o.s.o.j.LocalContainerEntityManagerFactoryBean - Initialized JPA EntityManagerFactory for persistence unit 'default'
2022-07-05_18-29-52 [restartedMain] INFO  o.a.coyote.http11.Http11NioProtocol - Starting ProtocolHandler ["http-nio-8082"]
2022-07-05_18-29-52 [restartedMain] INFO  o.s.b.w.e.tomcat.TomcatWebServer - Tomcat started on port(s): 8082 (http) with context path '/property'
2022-07-05_18-29-52 [restartedMain] INFO  c.m.p.PropertyMicroserviceApplication - Started PropertyMicroserviceApplication in 94.003 seconds (JVM running for 159.702)
2022-07-05_18-29-52 [http-nio-8082-exec-10] INFO  o.a.c.c.C.[.[localhost].[/property] - Initializing Spring DispatcherServlet 'dispatcherServlet'
2022-07-05_18-29-52 [http-nio-8082-exec-10] INFO  o.s.web.servlet.DispatcherServlet - Initializing Servlet 'dispatcherServlet'
2022-07-05_18-29-52 [http-nio-8082-exec-10] INFO  o.s.web.servlet.DispatcherServlet - Completed initialization in 4160 ms
2022-07-05_18-29-52 [http-nio-8082-exec-10] INFO  c.m.p.service.PropertyServiceImpl - Property Property(id=4, propertyType=villa, locality=delhi, budget=19800.0) created
2022-07-05_18-29-52 [http-nio-8082-exec-7] INFO  c.m.p.service.PropertyServiceImpl - Properties: [Property(id=1, propertyType=villa, locality=Hyderabad, budget=1000000.0), Property(id=2, propertyType=flat, locality=Mumbai, budget=1500000.0), Property(id=3, propertyType=duplex, locality=Delhi, budget=2000000.0), Property(id=4, propertyType=villa, locality=delhi, budget=19800.0)]
2022-07-05_18-29-52 [http-nio-8082-exec-1] INFO  c.m.p.service.PropertyServiceImpl - Properties with property type villa: [Property(id=1, propertyType=villa, locality=Hyderabad, budget=1000000.0), Property(id=4, propertyType=villa, locality=delhi, budget=19800.0)]
2022-07-05_18-29-52 [http-nio-8082-exec-6] INFO  c.m.p.service.PropertyServiceImpl - Properties in locality mumbai: []
2022-07-05_18-29-52 [http-nio-8082-exec-7] INFO  c.m.p.service.PropertyServiceImpl - Properties in locality Mumbai: [Property(id=2, propertyType=flat, locality=Mumbai, budget=1500000.0)]
2022-07-05_18-29-52 [http-nio-8082-exec-8] INFO  c.m.p.service.PropertyServiceImpl - Properties: [Property(id=1, propertyType=villa, locality=Hyderabad, budget=1000000.0), Property(id=2, propertyType=flat, locality=Mumbai, budget=1500000.0), Property(id=3, propertyType=duplex, locality=Delhi, budget=2000000.0), Property(id=4, propertyType=villa, locality=delhi, budget=19800.0)]
2022-07-05_18-29-52 [RMI TCP Connection(82)-127.0.0.1] INFO  o.s.b.a.SpringApplicationAdminMXBeanRegistrar$SpringApplicationAdmin - Application shutdown requested.
2022-07-05_18-29-52 [RMI TCP Connection(80)-127.0.0.1] INFO  o.s.b.a.SpringApplicationAdminMXBeanRegistrar$SpringApplicationAdmin - Application shutdown requested.
2022-07-05_18-29-52 [RMI TCP Connection(80)-127.0.0.1] INFO  o.s.o.j.LocalContainerEntityManagerFactoryBean - Closing JPA EntityManagerFactory for persistence unit 'default'
2022-07-05_18-29-52 [RMI TCP Connection(80)-127.0.0.1] INFO  com.zaxxer.hikari.HikariDataSource - HikariPool-1 - Shutdown initiated...
2022-07-05_18-29-52 [RMI TCP Connection(80)-127.0.0.1] INFO  com.zaxxer.hikari.HikariDataSource - HikariPool-1 - Shutdown completed.
2022-07-05_22-08-01 [restartedMain] INFO  c.m.p.PropertyMicroserviceApplication - Starting PropertyMicroserviceApplication using Java 17.0.2 on VAMSI with PID 6132 (C:\Users\Lenovo\git\MFPE\Property-Microservice\target\classes started by Lenovo in C:\Users\Lenovo\git\MFPE\Property-Microservice)
2022-07-05_22-08-01 [restartedMain] INFO  c.m.p.PropertyMicroserviceApplication - No active profile set, falling back to 1 default profile: "default"
2022-07-05_22-08-01 [restartedMain] INFO  o.s.b.d.e.DevToolsPropertyDefaultsPostProcessor - Devtools property defaults active! Set 'spring.devtools.add-properties' to 'false' to disable
2022-07-05_22-08-01 [restartedMain] INFO  o.s.b.d.e.DevToolsPropertyDefaultsPostProcessor - For additional web related logging consider setting the 'logging.level.web' property to 'DEBUG'
2022-07-05_22-08-01 [restartedMain] INFO  o.s.d.r.c.RepositoryConfigurationDelegate - Bootstrapping Spring Data JPA repositories in DEFAULT mode.
2022-07-05_22-08-01 [restartedMain] INFO  o.s.d.r.c.RepositoryConfigurationDelegate - Finished Spring Data repository scanning in 65 ms. Found 1 JPA repository interfaces.
2022-07-05_22-08-01 [restartedMain] INFO  o.s.cloud.context.scope.GenericScope - BeanFactory id=36dc625e-8a22-3279-80ab-b969a6e077fc
2022-07-05_22-08-01 [restartedMain] INFO  o.s.b.w.e.tomcat.TomcatWebServer - Tomcat initialized with port(s): 8082 (http)
2022-07-05_22-08-01 [restartedMain] INFO  o.a.coyote.http11.Http11NioProtocol - Initializing ProtocolHandler ["http-nio-8082"]
2022-07-05_22-08-01 [restartedMain] INFO  o.a.catalina.core.StandardService - Starting service [Tomcat]
2022-07-05_22-08-01 [restartedMain] INFO  o.a.catalina.core.StandardEngine - Starting Servlet engine: [Apache Tomcat/9.0.64]
2022-07-05_22-08-01 [restartedMain] INFO  o.a.c.c.C.[.[localhost].[/property] - Initializing Spring embedded WebApplicationContext
2022-07-05_22-08-01 [restartedMain] INFO  o.s.b.w.s.c.ServletWebServerApplicationContext - Root WebApplicationContext: initialization completed in 3081 ms
2022-07-05_22-08-01 [restartedMain] INFO  com.zaxxer.hikari.HikariDataSource - HikariPool-1 - Starting...
2022-07-05_22-08-01 [restartedMain] INFO  com.zaxxer.hikari.HikariDataSource - HikariPool-1 - Start completed.
2022-07-05_22-08-01 [restartedMain] INFO  o.s.b.a.h.H2ConsoleAutoConfiguration - H2 console available at '/h2-console'. Database available at 'jdbc:h2:mem:testdb'
2022-07-05_22-08-01 [restartedMain] INFO  o.s.o.j.LocalContainerEntityManagerFactoryBean - Initialized JPA EntityManagerFactory for persistence unit 'default'
2022-07-05_22-08-01 [restartedMain] INFO  o.a.coyote.http11.Http11NioProtocol - Starting ProtocolHandler ["http-nio-8082"]
2022-07-05_22-08-01 [restartedMain] INFO  o.s.b.w.e.tomcat.TomcatWebServer - Tomcat started on port(s): 8082 (http) with context path '/property'
2022-07-05_22-08-01 [restartedMain] INFO  c.m.p.PropertyMicroserviceApplication - Started PropertyMicroserviceApplication in 8.4 seconds (JVM running for 10.096)
2022-07-05_22-08-01 [http-nio-8082-exec-1] INFO  o.a.c.c.C.[.[localhost].[/property] - Initializing Spring DispatcherServlet 'dispatcherServlet'
2022-07-05_22-08-01 [http-nio-8082-exec-1] INFO  o.s.web.servlet.DispatcherServlet - Initializing Servlet 'dispatcherServlet'
2022-07-05_22-08-01 [http-nio-8082-exec-1] INFO  o.s.web.servlet.DispatcherServlet - Completed initialization in 4703 ms
2022-07-05_22-08-01 [http-nio-8082-exec-7] INFO  c.m.p.service.PropertyServiceImpl - Property Property(id=4, propertyType=villa, locality=delhi, budget=19800.0) created
2022-07-05_22-08-01 [http-nio-8082-exec-5] INFO  c.m.p.service.PropertyServiceImpl - Properties: [Property(id=1, propertyType=villa, locality=Hyderabad, budget=1000000.0), Property(id=2, propertyType=flat, locality=Mumbai, budget=1500000.0), Property(id=3, propertyType=duplex, locality=Delhi, budget=2000000.0), Property(id=4, propertyType=villa, locality=delhi, budget=19800.0)]
2022-07-05_22-08-01 [http-nio-8082-exec-8] INFO  c.m.p.service.PropertyServiceImpl - Properties with property type villa: [Property(id=1, propertyType=villa, locality=Hyderabad, budget=1000000.0), Property(id=4, propertyType=villa, locality=delhi, budget=19800.0)]
2022-07-05_22-08-01 [http-nio-8082-exec-1] INFO  c.m.p.service.PropertyServiceImpl - Properties in locality delhi: [Property(id=4, propertyType=villa, locality=delhi, budget=19800.0)]
2022-07-05_22-08-01 [http-nio-8082-exec-2] INFO  c.m.p.service.PropertyServiceImpl - Properties: [Property(id=1, propertyType=villa, locality=Hyderabad, budget=1000000.0), Property(id=2, propertyType=flat, locality=Mumbai, budget=1500000.0), Property(id=3, propertyType=duplex, locality=Delhi, budget=2000000.0), Property(id=4, propertyType=villa, locality=delhi, budget=19800.0)]
2022-07-05_22-08-01 [http-nio-8082-exec-6] INFO  c.m.p.service.PropertyServiceImpl - Properties: [Property(id=1, propertyType=villa, locality=Hyderabad, budget=1000000.0), Property(id=2, propertyType=flat, locality=Mumbai, budget=1500000.0), Property(id=3, propertyType=duplex, locality=Delhi, budget=2000000.0), Property(id=4, propertyType=villa, locality=delhi, budget=19800.0)]
2022-07-05_22-08-01 [RMI TCP Connection(38)-127.0.0.1] INFO  o.s.b.a.SpringApplicationAdminMXBeanRegistrar$SpringApplicationAdmin - Application shutdown requested.
2022-07-05_22-08-01 [RMI TCP Connection(38)-127.0.0.1] INFO  o.s.o.j.LocalContainerEntityManagerFactoryBean - Closing JPA EntityManagerFactory for persistence unit 'default'
2022-07-05_22-08-01 [RMI TCP Connection(38)-127.0.0.1] INFO  com.zaxxer.hikari.HikariDataSource - HikariPool-1 - Shutdown initiated...
2022-07-05_22-08-01 [RMI TCP Connection(38)-127.0.0.1] INFO  com.zaxxer.hikari.HikariDataSource - HikariPool-1 - Shutdown completed.
