2022-07-05_11-55-34 [http-nio-8082-exec-10] ERROR c.m.p.e.GlobalExceptionHandler - Not Allowed
2022-07-05_11-55-34 [http-nio-8082-exec-4] ERROR c.m.p.e.GlobalExceptionHandler - Not Allowed
2022-07-05_15-53-02 [http-nio-8082-exec-9] ERROR c.m.p.e.GlobalExceptionHandler - [500] during [POST] to [http://localhost:8084/auth/authorize] [AuthorizationClient#authorizeTheRequest(String)]: [{"timestamp":"2022-07-05T12:11:06.853+00:00","status":500,"error":"Internal Server Error","trace":"org.springframework.security.core.userdetails.UsernameNotFoundException: User not found with username... (6115 bytes)]
2022-07-05_18-29-52 [http-nio-8082-exec-6] ERROR c.m.p.e.GlobalExceptionHandler - Properties in locality mumbai Not Found!
2022-07-05_22-08-01 [http-nio-8082-exec-1] ERROR o.a.c.c.C.[.[.[.[webServlet] - Servlet.service() for servlet [webServlet] in context with path [/property] threw exception
java.lang.NullPointerException: Cannot read field "locale" because "this.session" is null
	at org.h2.server.web.WebApp.index(WebApp.java:497)
	at org.h2.server.web.WebApp.process(WebApp.java:229)
	at org.h2.server.web.WebApp.processRequest(WebApp.java:176)
	at org.h2.server.web.WebServlet.doGet(WebServlet.java:129)
	at javax.servlet.http.HttpServlet.service(HttpServlet.java:655)
	at javax.servlet.http.HttpServlet.service(HttpServlet.java:764)
	at org.apache.catalina.core.ApplicationFilterChain.internalDoFilter(ApplicationFilterChain.java:227)
	at org.apache.catalina.core.ApplicationFilterChain.doFilter(ApplicationFilterChain.java:162)
	at org.apache.tomcat.websocket.server.WsFilter.doFilter(WsFilter.java:53)
	at org.apache.catalina.core.ApplicationFilterChain.internalDoFilter(ApplicationFilterChain.java:189)
	at org.apache.catalina.core.ApplicationFilterChain.doFilter(ApplicationFilterChain.java:162)
	at org.springframework.web.filter.RequestContextFilter.doFilterInternal(RequestContextFilter.java:100)
	at org.springframework.web.filter.OncePerRequestFilter.doFilter(OncePerRequestFilter.java:117)
	at org.apache.catalina.core.ApplicationFilterChain.internalDoFilter(ApplicationFilterChain.java:189)
	at org.apache.catalina.core.ApplicationFilterChain.doFilter(ApplicationFilterChain.java:162)
	at org.springframework.web.filter.FormContentFilter.doFilterInternal(FormContentFilter.java:93)
	at org.springframework.web.filter.OncePerRequestFilter.doFilter(OncePerRequestFilter.java:117)
	at org.apache.catalina.core.ApplicationFilterChain.internalDoFilter(ApplicationFilterChain.java:189)
	at org.apache.catalina.core.ApplicationFilterChain.doFilter(ApplicationFilterChain.java:162)
	at org.springframework.web.filter.CharacterEncodingFilter.doFilterInternal(CharacterEncodingFilter.java:201)
	at org.springframework.web.filter.OncePerRequestFilter.doFilter(OncePerRequestFilter.java:117)
	at org.apache.catalina.core.ApplicationFilterChain.internalDoFilter(ApplicationFilterChain.java:189)
	at org.apache.catalina.core.ApplicationFilterChain.doFilter(ApplicationFilterChain.java:162)
	at org.apache.catalina.core.StandardWrapperValve.invoke(StandardWrapperValve.java:197)
	at org.apache.catalina.core.StandardContextValve.invoke(StandardContextValve.java:97)
	at org.apache.catalina.authenticator.AuthenticatorBase.invoke(AuthenticatorBase.java:541)
	at org.apache.catalina.core.StandardHostValve.invoke(StandardHostValve.java:135)
	at org.apache.catalina.valves.ErrorReportValve.invoke(ErrorReportValve.java:92)
	at org.apache.catalina.core.StandardEngineValve.invoke(StandardEngineValve.java:78)
	at org.apache.catalina.connector.CoyoteAdapter.service(CoyoteAdapter.java:360)
	at org.apache.coyote.http11.Http11Processor.service(Http11Processor.java:399)
	at org.apache.coyote.AbstractProcessorLight.process(AbstractProcessorLight.java:65)
	at org.apache.coyote.AbstractProtocol$ConnectionHandler.process(AbstractProtocol.java:890)
	at org.apache.tomcat.util.net.NioEndpoint$SocketProcessor.doRun(NioEndpoint.java:1787)
	at org.apache.tomcat.util.net.SocketProcessorBase.run(SocketProcessorBase.java:49)
	at org.apache.tomcat.util.threads.ThreadPoolExecutor.runWorker(ThreadPoolExecutor.java:1191)
	at org.apache.tomcat.util.threads.ThreadPoolExecutor$Worker.run(ThreadPoolExecutor.java:659)
	at org.apache.tomcat.util.threads.TaskThread$WrappingRunnable.run(TaskThread.java:61)
	at java.base/java.lang.Thread.run(Thread.java:833)
2022-07-05_22-08-01 [http-nio-8082-exec-8] ERROR c.m.p.e.GlobalExceptionHandler - Not Allowed
2022-07-05_22-08-01 [http-nio-8082-exec-10] ERROR c.m.p.e.GlobalExceptionHandler - Not Allowed
